#
# There is insufficient memory for the Java Runtime Environment to continue.
# Native memory allocation (malloc) failed to allocate 686656 bytes for Chunk::new
# Possible reasons:
#   The system is out of physical RAM or swap space
#   The process is running with CompressedOops enabled, and the Java Heap may be blocking the growth of the native heap
# Possible solutions:
#   Reduce memory load on the system
#   Increase physical memory or swap space
#   Check if swap backing store is full
#   Decrease Java heap size (-Xmx/-Xms)
#   Decrease number of Java threads
#   Decrease Java thread stack sizes (-Xss)
#   Set larger code cache with -XX:ReservedCodeCacheSize=
#   JVM is running with Unscaled Compressed Oops mode in which the Java heap is
#     placed in the first 4GB address space. The Java Heap base address is the
#     maximum limit for the native heap growth. Please use -XX:HeapBaseMinAddress
#     to set the Java Heap base and to place the Java Heap above 4GB virtual address.
# This output file may be truncated or incomplete.
#
#  Out of Memory Error (./src/hotspot/share/memory/arena.cpp:197), pid=17960, tid=20944
#
# JRE version: OpenJDK Runtime Environment (11.0.8+10) (build 11.0.8+10-b944.6842174)
# Java VM: OpenJDK 64-Bit Server VM (11.0.8+10-b944.6842174, mixed mode, tiered, compressed oops, g1 gc, windows-amd64)
# No core dump will be written. Minidumps are not enabled by default on client versions of Windows
#

---------------  S U M M A R Y ------------

Command Line: --add-opens=java.base/java.util=ALL-UNNAMED --add-opens=java.base/java.lang=ALL-UNNAMED --add-opens=java.base/java.lang.invoke=ALL-UNNAMED --add-opens=java.prefs/java.util.prefs=ALL-UNNAMED -Xmx2048m -Dfile.encoding=UTF-8 -Duser.country=ID -Duser.language=en -Duser.variant org.gradle.launcher.daemon.bootstrap.GradleDaemon 6.7.1

Host: Intel(R) Core(TM) i5-10200H CPU @ 2.40GHz, 8 cores, 15G,  Windows 10 , 64 bit Build 19041 (10.0.19041.928)
Time: Sun May 30 23:15:10 2021 SE Asia Standard Time elapsed time: 18 seconds (0d 0h 0m 18s)

---------------  T H R E A D  ---------------

Current thread (0x000001ed93f66000):  JavaThread "C2 CompilerThread1" daemon [_thread_in_native, id=20944, stack(0x0000007936e00000,0x0000007936f00000)]


Current CompileTask:
C2:  18088 10745       4       com.android.ide.common.resources.NodeUtils::duplicateNode (315 bytes)

Stack: [0x0000007936e00000,0x0000007936f00000]
Native frames: (J=compiled Java code, j=interpreted, Vv=VM code, C=native code)
V  [jvm.dll+0x5de50a]
V  [jvm.dll+0x7122f5]
V  [jvm.dll+0x71384d]
V  [jvm.dll+0x713f03]
V  [jvm.dll+0x23e728]
V  [jvm.dll+0xb899c]
V  [jvm.dll+0xb8e9c]
V  [jvm.dll+0x2b20e4]
V  [jvm.dll+0x502098]
V  [jvm.dll+0x1f8df6]
V  [jvm.dll+0x1f685f]
V  [jvm.dll+0x17f32c]
V  [jvm.dll+0x205047]
V  [jvm.dll+0x203891]
V  [jvm.dll+0x6dad3f]
V  [jvm.dll+0x6d3895]
V  [jvm.dll+0x5dd4a6]
C  [ucrtbase.dll+0x21bb2]
C  [KERNEL32.DLL+0x17034]
C  [ntdll.dll+0x52651]


---------------  P R O C E S S  ---------------

Threads class SMR info:
_java_thread_list=0x000001edfb9973c0, length=170, elements={
0x000001edee6e8000, 0x000001edfaa49000, 0x000001edfaa54000, 0x000001edfaaa8800,
0x000001edfaaa9800, 0x000001edfaaac000, 0x000001edfaabb800, 0x000001edfaabe000,
0x000001edfac58000, 0x000001edfac5c000, 0x000001edfd266800, 0x000001edfc4cc800,
0x000001edfc6fe800, 0x000001edfc2d9000, 0x000001edfc2d9800, 0x000001edfc34c000,
0x000001edfc444800, 0x000001edfcec1000, 0x000001edfcb98000, 0x000001edfcba3000,
0x000001edfc953000, 0x000001edfc954000, 0x000001edfc954800, 0x000001edfc955800,
0x000001edfc957000, 0x000001edfc956000, 0x000001edfc952000, 0x000001edfc958000,
0x000001edfc958800, 0x000001edfd5a7000, 0x000001edfd5a7800, 0x000001edfd5a4800,
0x000001edfd5a8800, 0x000001edfd5a9800, 0x000001edfd5a6000, 0x000001edfd5a3800,
0x000001edfd5a5800, 0x000001edfd5af000, 0x000001edfd5b0000, 0x000001edfd5ad800,
0x000001edfd5ac800, 0x000001edfd5aa000, 0x000001edfd5b0800, 0x000001edfd5ab000,
0x000001edfd5ac000, 0x000001edfd5b1800, 0x000001edfd5ae800, 0x000001edfefe1000,
0x000001edfefe4000, 0x000001edfefe1800, 0x000001edfefe0000, 0x000001edfefe2800,
0x000001edfefe3800, 0x000001edfefdf000, 0x000001edfefe5000, 0x000001edfefe5800,
0x000001ed8f256800, 0x000001ed8f257000, 0x000001ed8f25d000, 0x000001ed8f258000,
0x000001ed8f259000, 0x000001ed8f25c000, 0x000001ed8f259800, 0x000001ed8f25a800,
0x000001ed8f260000, 0x000001ed8f261000, 0x000001ed8f25b000, 0x000001ed8f25f800,
0x000001ed8f262000, 0x000001ed8f25d800, 0x000001ed8f262800, 0x000001ed8f263800,
0x000001ed8f264000, 0x000001ed8f25e800, 0x000001ed8f265000, 0x000001edfadbd000,
0x000001edfadbf000, 0x000001edfadbe000, 0x000001edfadc3000, 0x000001edfadc1800,
0x000001edfadbf800, 0x000001edfadc4000, 0x000001edfadc4800, 0x000001edfadc6000,
0x000001edfadc2000, 0x000001edfadc5800, 0x000001edfadc0800, 0x000001edfadcc000,
0x000001edfadca800, 0x000001edfadcb000, 0x000001edfadc7000, 0x000001edfadc8000,
0x000001edfadc8800, 0x000001edfadc9800, 0x000001edfd084000, 0x000001edfd07e000,
0x000001edfd07f000, 0x000001edfd080000, 0x000001edfd080800, 0x000001edfd085800,
0x000001edfd086800, 0x000001edfd083000, 0x000001edfd084800, 0x000001edfd087000,
0x000001edfd081800, 0x000001edfd088000, 0x000001edfd082800, 0x000001edfd08b000,
0x000001edfd08c000, 0x000001edfd089000, 0x000001edfd089800, 0x000001edfd08d000,
0x000001edfd08a800, 0x000001edfce31000, 0x000001edfce33000, 0x000001edfce32000,
0x000001edfce2d000, 0x000001edfce33800, 0x000001edfce2e000, 0x000001edfce30800,
0x000001edfce34800, 0x000001edfce2f800, 0x000001edfce2e800, 0x000001edfce3a000,
0x000001edfce35800, 0x000001edfce38800, 0x000001edfce39800, 0x000001edfce3b000,
0x000001edfce3c000, 0x000001edfce37000, 0x000001edfce36000, 0x000001edfce37800,
0x000001edfcf72800, 0x000001edfcf6f000, 0x000001edfcf70000, 0x000001edfcf76800,
0x000001edfcf73800, 0x000001edfcf74000, 0x000001edfcf75000, 0x000001edfcf75800,
0x000001edfcf71000, 0x000001edfcf77800, 0x000001edfcf71800, 0x000001edfcf79000,
0x000001edfcf7b800, 0x000001edfcf7e000, 0x000001edfcf78000, 0x000001edfcf7a800,
0x000001edfcf7a000, 0x000001edfcf7c000, 0x000001edfcf7d000, 0x000001ed8f55c800,
0x000001ed8f55f000, 0x000001ed8f55d800, 0x000001ed8f55b000, 0x000001ed8f55e000,
0x000001ed8f559800, 0x000001ed8f560000, 0x000001ed8f55a000, 0x000001ed8f560800,
0x000001ed8f561800, 0x000001ed8f55b800, 0x000001ed8f564800, 0x000001ed8f565800,
0x000001ed8f566800, 0x000001ed8f568000, 0x000001ed8f564000, 0x000001ed8f562000,
0x000001ed8f567000, 0x000001ed93f66000
}

Java Threads: ( => current thread )
  0x000001edee6e8000 JavaThread "main" [_thread_blocked, id=9176, stack(0x0000007933e00000,0x0000007933f00000)]
  0x000001edfaa49000 JavaThread "Reference Handler" daemon [_thread_blocked, id=20988, stack(0x0000007934500000,0x0000007934600000)]
  0x000001edfaa54000 JavaThread "Finalizer" daemon [_thread_blocked, id=21236, stack(0x0000007934600000,0x0000007934700000)]
  0x000001edfaaa8800 JavaThread "Signal Dispatcher" daemon [_thread_blocked, id=15404, stack(0x0000007934700000,0x0000007934800000)]
  0x000001edfaaa9800 JavaThread "Attach Listener" daemon [_thread_blocked, id=14580, stack(0x0000007934800000,0x0000007934900000)]
  0x000001edfaaac000 JavaThread "C2 CompilerThread0" daemon [_thread_in_native, id=3932, stack(0x0000007934900000,0x0000007934a00000)]
  0x000001edfaabb800 JavaThread "C1 CompilerThread0" daemon [_thread_blocked, id=12580, stack(0x0000007934a00000,0x0000007934b00000)]
  0x000001edfaabe000 JavaThread "Sweeper thread" daemon [_thread_blocked, id=5164, stack(0x0000007934b00000,0x0000007934c00000)]
  0x000001edfac58000 JavaThread "Common-Cleaner" daemon [_thread_blocked, id=7228, stack(0x0000007934c00000,0x0000007934d00000)]
  0x000001edfac5c000 JavaThread "Service Thread" daemon [_thread_blocked, id=13624, stack(0x0000007934d00000,0x0000007934e00000)]
  0x000001edfd266800 JavaThread "Daemon health stats" [_thread_blocked, id=9636, stack(0x0000007935500000,0x0000007935600000)]
  0x000001edfc4cc800 JavaThread "Incoming local TCP Connector on port 56304" [_thread_in_native, id=21328, stack(0x0000007935700000,0x0000007935800000)]
  0x000001edfc6fe800 JavaThread "Daemon periodic checks" [_thread_blocked, id=19136, stack(0x0000007935800000,0x0000007935900000)]
  0x000001edfc2d9000 JavaThread "Daemon" [_thread_blocked, id=3992, stack(0x0000007935900000,0x0000007935a00000)]
  0x000001edfc2d9800 JavaThread "Handler for socket connection from /127.0.0.1:56304 to /127.0.0.1:56305" [_thread_in_native, id=21364, stack(0x0000007935a00000,0x0000007935b00000)]
  0x000001edfc34c000 JavaThread "Cancel handler" [_thread_blocked, id=9328, stack(0x0000007935c00000,0x0000007935d00000)]
  0x000001edfc444800 JavaThread "Daemon worker" [_thread_blocked, id=22012, stack(0x0000007935d00000,0x0000007935e00000)]
  0x000001edfcec1000 JavaThread "Asynchronous log dispatcher for DefaultDaemonConnection: socket connection from /127.0.0.1:56304 to /127.0.0.1:56305" [_thread_blocked, id=19792, stack(0x0000007935e00000,0x0000007935f00000)]
  0x000001edfcb98000 JavaThread "Stdin handler" [_thread_blocked, id=7064, stack(0x0000007935f00000,0x0000007936000000)]
  0x000001edfcba3000 JavaThread "Thread-8" [_thread_blocked, id=19648, stack(0x0000007936000000,0x0000007936100000)]
  0x000001edfc953000 JavaThread "Cache worker for file hash cache (C:\Users\dimas\.gradle\caches\6.7.1\fileHashes)" [_thread_blocked, id=7324, stack(0x0000007936100000,0x0000007936200000)]
  0x000001edfc954000 JavaThread "File lock request listener" [_thread_in_native, id=16616, stack(0x0000007936200000,0x0000007936300000)]
  0x000001edfc954800 JavaThread "Cache worker for journal cache (C:\Users\dimas\.gradle\caches\journal-1)" [_thread_blocked, id=19124, stack(0x0000007936600000,0x0000007936700000)]
  0x000001edfc955800 JavaThread "Cache worker for file hash cache (C:\Users\dimas\AndroidStudioProjects\SocioGreen\.gradle\6.7.1\fileHashes)" [_thread_blocked, id=6596, stack(0x0000007936700000,0x0000007936800000)]
  0x000001edfc957000 JavaThread "Cache worker for checksums cache (C:\Users\dimas\AndroidStudioProjects\SocioGreen\.gradle\checksums)" [_thread_blocked, id=19144, stack(0x0000007936800000,0x0000007936900000)]
  0x000001edfc956000 JavaThread "Cache worker for cache directory md-supplier (C:\Users\dimas\.gradle\caches\6.7.1\md-supplier)" [_thread_blocked, id=19676, stack(0x0000007936900000,0x0000007936a00000)]
  0x000001edfc952000 JavaThread "Cache worker for cache directory md-rule (C:\Users\dimas\.gradle\caches\6.7.1\md-rule)" [_thread_blocked, id=14484, stack(0x0000007936a00000,0x0000007936b00000)]
  0x000001edfc958000 JavaThread "Cache worker for execution history cache (C:\Users\dimas\.gradle\caches\6.7.1\executionHistory)" [_thread_blocked, id=6444, stack(0x0000007936b00000,0x0000007936c00000)]
  0x000001edfc958800 JavaThread "jar transforms" [_thread_blocked, id=17416, stack(0x0000007936c00000,0x0000007936d00000)]
  0x000001edfd5a7000 JavaThread "Cache worker for file content cache (C:\Users\dimas\.gradle\caches\6.7.1\fileContent)" [_thread_blocked, id=21972, stack(0x0000007936d00000,0x0000007936e00000)]
  0x000001edfd5a7800 JavaThread "Cache worker for Build Output Cleanup Cache (C:\Users\dimas\AndroidStudioProjects\SocioGreen\.gradle\buildOutputCleanup)" [_thread_blocked, id=18856, stack(0x0000007936f00000,0x0000007937000000)]
  0x000001edfd5a4800 JavaThread "Build operations" [_thread_blocked, id=6484, stack(0x0000007937000000,0x0000007937100000)]
  0x000001edfd5a8800 JavaThread "Build operations Thread 2" [_thread_blocked, id=13416, stack(0x0000007937100000,0x0000007937200000)]
  0x000001edfd5a9800 JavaThread "Build operations Thread 3" [_thread_blocked, id=16292, stack(0x0000007937200000,0x0000007937300000)]
  0x000001edfd5a6000 JavaThread "Build operations Thread 4" [_thread_blocked, id=16648, stack(0x0000007937300000,0x0000007937400000)]
  0x000001edfd5a3800 JavaThread "Build operations Thread 5" [_thread_blocked, id=3292, stack(0x0000007937400000,0x0000007937500000)]
  0x000001edfd5a5800 JavaThread "Build operations Thread 6" [_thread_blocked, id=13940, stack(0x0000007937500000,0x0000007937600000)]
  0x000001edfd5af000 JavaThread "Build operations Thread 7" [_thread_blocked, id=22752, stack(0x0000007937600000,0x0000007937700000)]
  0x000001edfd5b0000 JavaThread "Build operations Thread 8" [_thread_blocked, id=9576, stack(0x0000007937700000,0x0000007937800000)]
  0x000001edfd5ad800 JavaThread "jar transforms Thread 2" [_thread_blocked, id=19236, stack(0x0000007937800000,0x0000007937900000)]
  0x000001edfd5ac800 JavaThread "jar transforms Thread 3" [_thread_blocked, id=3568, stack(0x0000007937900000,0x0000007937a00000)]
  0x000001edfd5aa000 JavaThread "jar transforms Thread 4" [_thread_blocked, id=20884, stack(0x0000007937a00000,0x0000007937b00000)]
  0x000001edfd5b0800 JavaThread "jar transforms Thread 5" [_thread_blocked, id=22404, stack(0x0000007937b00000,0x0000007937c00000)]
  0x000001edfd5ab000 JavaThread "jar transforms Thread 6" [_thread_blocked, id=9236, stack(0x0000007937c00000,0x0000007937d00000)]
  0x000001edfd5ac000 JavaThread "jar transforms Thread 7" [_thread_blocked, id=22632, stack(0x0000007937d00000,0x0000007937e00000)]
  0x000001edfd5b1800 JavaThread "jar transforms Thread 8" [_thread_blocked, id=19004, stack(0x0000007937e00000,0x0000007937f00000)]
  0x000001edfd5ae800 JavaThread "jar transforms Thread 9" [_thread_blocked, id=4344, stack(0x0000007937f00000,0x0000007938000000)]
  0x000001edfefe1000 JavaThread "jar transforms Thread 10" [_thread_blocked, id=2656, stack(0x0000007938000000,0x0000007938100000)]
  0x000001edfefe4000 JavaThread "jar transforms Thread 11" [_thread_blocked, id=6700, stack(0x0000007938100000,0x0000007938200000)]
  0x000001edfefe1800 JavaThread "jar transforms Thread 12" [_thread_blocked, id=19744, stack(0x0000007938200000,0x0000007938300000)]
  0x000001edfefe0000 JavaThread "jar transforms Thread 13" [_thread_blocked, id=10012, stack(0x0000007938300000,0x0000007938400000)]
  0x000001edfefe2800 JavaThread "jar transforms Thread 14" [_thread_blocked, id=16620, stack(0x0000007938400000,0x0000007938500000)]
  0x000001edfefe3800 JavaThread "jar transforms Thread 15" [_thread_blocked, id=23440, stack(0x0000007938500000,0x0000007938600000)]
  0x000001edfefdf000 JavaThread "jar transforms Thread 16" [_thread_blocked, id=19328, stack(0x0000007938600000,0x0000007938700000)]
  0x000001edfefe5000 JavaThread "jar transforms Thread 17" [_thread_blocked, id=4348, stack(0x0000007938700000,0x0000007938800000)]
  0x000001edfefe5800 JavaThread "jar transforms Thread 18" [_thread_blocked, id=8728, stack(0x0000007938800000,0x0000007938900000)]
  0x000001ed8f256800 JavaThread "jar transforms Thread 19" [_thread_blocked, id=4116, stack(0x0000007938900000,0x0000007938a00000)]
  0x000001ed8f257000 JavaThread "jar transforms Thread 20" [_thread_blocked, id=6052, stack(0x0000007938a00000,0x0000007938b00000)]
  0x000001ed8f25d000 JavaThread "jar transforms Thread 21" [_thread_blocked, id=2304, stack(0x0000007938b00000,0x0000007938c00000)]
  0x000001ed8f258000 JavaThread "jar transforms Thread 22" [_thread_blocked, id=8988, stack(0x0000007938c00000,0x0000007938d00000)]
  0x000001ed8f259000 JavaThread "jar transforms Thread 23" [_thread_blocked, id=256, stack(0x0000007938d00000,0x0000007938e00000)]
  0x000001ed8f25c000 JavaThread "jar transforms Thread 24" [_thread_blocked, id=4820, stack(0x0000007938e00000,0x0000007938f00000)]
  0x000001ed8f259800 JavaThread "jar transforms Thread 25" [_thread_blocked, id=2892, stack(0x0000007938f00000,0x0000007939000000)]
  0x000001ed8f25a800 JavaThread "jar transforms Thread 26" [_thread_blocked, id=23520, stack(0x0000007939000000,0x0000007939100000)]
  0x000001ed8f260000 JavaThread "jar transforms Thread 27" [_thread_blocked, id=16076, stack(0x0000007939100000,0x0000007939200000)]
  0x000001ed8f261000 JavaThread "jar transforms Thread 28" [_thread_blocked, id=23228, stack(0x0000007939200000,0x0000007939300000)]
  0x000001ed8f25b000 JavaThread "jar transforms Thread 29" [_thread_blocked, id=19912, stack(0x0000007939300000,0x0000007939400000)]
  0x000001ed8f25f800 JavaThread "jar transforms Thread 30" [_thread_blocked, id=22212, stack(0x0000007939400000,0x0000007939500000)]
  0x000001ed8f262000 JavaThread "jar transforms Thread 31" [_thread_blocked, id=16544, stack(0x0000007939500000,0x0000007939600000)]
  0x000001ed8f25d800 JavaThread "jar transforms Thread 32" [_thread_blocked, id=13796, stack(0x0000007939600000,0x0000007939700000)]
  0x000001ed8f262800 JavaThread "jar transforms Thread 33" [_thread_blocked, id=21144, stack(0x0000007939700000,0x0000007939800000)]
  0x000001ed8f263800 JavaThread "jar transforms Thread 34" [_thread_blocked, id=16640, stack(0x0000007939800000,0x0000007939900000)]
  0x000001ed8f264000 JavaThread "jar transforms Thread 35" [_thread_blocked, id=21052, stack(0x0000007939900000,0x0000007939a00000)]
  0x000001ed8f25e800 JavaThread "jar transforms Thread 36" [_thread_blocked, id=1820, stack(0x0000007939a00000,0x0000007939b00000)]
  0x000001ed8f265000 JavaThread "jar transforms Thread 37" [_thread_blocked, id=23464, stack(0x0000007939b00000,0x0000007939c00000)]
  0x000001edfadbd000 JavaThread "jar transforms Thread 38" [_thread_blocked, id=11136, stack(0x0000007939c00000,0x0000007939d00000)]
  0x000001edfadbf000 JavaThread "jar transforms Thread 39" [_thread_blocked, id=18332, stack(0x0000007939d00000,0x0000007939e00000)]
  0x000001edfadbe000 JavaThread "jar transforms Thread 40" [_thread_blocked, id=18504, stack(0x0000007939e00000,0x0000007939f00000)]
  0x000001edfadc3000 JavaThread "jar transforms Thread 41" [_thread_blocked, id=19916, stack(0x0000007939f00000,0x000000793a000000)]
  0x000001edfadc1800 JavaThread "jar transforms Thread 42" [_thread_blocked, id=10864, stack(0x000000793a000000,0x000000793a100000)]
  0x000001edfadbf800 JavaThread "jar transforms Thread 43" [_thread_blocked, id=20552, stack(0x000000793a100000,0x000000793a200000)]
  0x000001edfadc4000 JavaThread "jar transforms Thread 44" [_thread_blocked, id=16744, stack(0x000000793a200000,0x000000793a300000)]
  0x000001edfadc4800 JavaThread "jar transforms Thread 45" [_thread_blocked, id=17804, stack(0x000000793a300000,0x000000793a400000)]
  0x000001edfadc6000 JavaThread "jar transforms Thread 46" [_thread_blocked, id=17048, stack(0x000000793a400000,0x000000793a500000)]
  0x000001edfadc2000 JavaThread "jar transforms Thread 47" [_thread_blocked, id=7328, stack(0x000000793a500000,0x000000793a600000)]
  0x000001edfadc5800 JavaThread "jar transforms Thread 48" [_thread_blocked, id=21348, stack(0x000000793a600000,0x000000793a700000)]
  0x000001edfadc0800 JavaThread "jar transforms Thread 49" [_thread_blocked, id=7996, stack(0x000000793a700000,0x000000793a800000)]
  0x000001edfadcc000 JavaThread "jar transforms Thread 50" [_thread_blocked, id=6200, stack(0x000000793a800000,0x000000793a900000)]
  0x000001edfadca800 JavaThread "jar transforms Thread 51" [_thread_blocked, id=20584, stack(0x000000793a900000,0x000000793aa00000)]
  0x000001edfadcb000 JavaThread "jar transforms Thread 52" [_thread_blocked, id=2160, stack(0x000000793aa00000,0x000000793ab00000)]
  0x000001edfadc7000 JavaThread "jar transforms Thread 53" [_thread_blocked, id=20640, stack(0x000000793ab00000,0x000000793ac00000)]
  0x000001edfadc8000 JavaThread "jar transforms Thread 54" [_thread_blocked, id=21916, stack(0x000000793ac00000,0x000000793ad00000)]
  0x000001edfadc8800 JavaThread "jar transforms Thread 55" [_thread_blocked, id=20448, stack(0x000000793ad00000,0x000000793ae00000)]
  0x000001edfadc9800 JavaThread "jar transforms Thread 56" [_thread_blocked, id=3952, stack(0x000000793ae00000,0x000000793af00000)]
  0x000001edfd084000 JavaThread "jar transforms Thread 57" [_thread_blocked, id=17964, stack(0x000000793af00000,0x000000793b000000)]
  0x000001edfd07e000 JavaThread "jar transforms Thread 58" [_thread_blocked, id=552, stack(0x000000793b000000,0x000000793b100000)]
  0x000001edfd07f000 JavaThread "jar transforms Thread 59" [_thread_blocked, id=21836, stack(0x000000793b100000,0x000000793b200000)]
  0x000001edfd080000 JavaThread "jar transforms Thread 60" [_thread_blocked, id=22172, stack(0x000000793b200000,0x000000793b300000)]
  0x000001edfd080800 JavaThread "jar transforms Thread 61" [_thread_blocked, id=20700, stack(0x000000793b300000,0x000000793b400000)]
  0x000001edfd085800 JavaThread "jar transforms Thread 62" [_thread_blocked, id=21460, stack(0x000000793b400000,0x000000793b500000)]
  0x000001edfd086800 JavaThread "jar transforms Thread 63" [_thread_blocked, id=8840, stack(0x000000793b500000,0x000000793b600000)]
  0x000001edfd083000 JavaThread "jar transforms Thread 64" [_thread_blocked, id=5100, stack(0x000000793b600000,0x000000793b700000)]
  0x000001edfd084800 JavaThread "jar transforms Thread 65" [_thread_blocked, id=16200, stack(0x000000793b700000,0x000000793b800000)]
  0x000001edfd087000 JavaThread "jar transforms Thread 66" [_thread_blocked, id=19832, stack(0x000000793b800000,0x000000793b900000)]
  0x000001edfd081800 JavaThread "jar transforms Thread 67" [_thread_blocked, id=22368, stack(0x000000793b900000,0x000000793ba00000)]
  0x000001edfd088000 JavaThread "jar transforms Thread 68" [_thread_blocked, id=2648, stack(0x000000793ba00000,0x000000793bb00000)]
  0x000001edfd082800 JavaThread "jar transforms Thread 69" [_thread_blocked, id=9888, stack(0x000000793bb00000,0x000000793bc00000)]
  0x000001edfd08b000 JavaThread "jar transforms Thread 70" [_thread_blocked, id=22464, stack(0x000000793bc00000,0x000000793bd00000)]
  0x000001edfd08c000 JavaThread "jar transforms Thread 71" [_thread_blocked, id=22860, stack(0x000000793bd00000,0x000000793be00000)]
  0x000001edfd089000 JavaThread "jar transforms Thread 72" [_thread_blocked, id=19944, stack(0x000000793be00000,0x000000793bf00000)]
  0x000001edfd089800 JavaThread "jar transforms Thread 73" [_thread_blocked, id=21956, stack(0x000000793bf00000,0x000000793c000000)]
  0x000001edfd08d000 JavaThread "jar transforms Thread 74" [_thread_blocked, id=5644, stack(0x000000793c000000,0x000000793c100000)]
  0x000001edfd08a800 JavaThread "jar transforms Thread 75" [_thread_blocked, id=5384, stack(0x000000793c100000,0x000000793c200000)]
  0x000001edfce31000 JavaThread "jar transforms Thread 76" [_thread_blocked, id=6348, stack(0x000000793c200000,0x000000793c300000)]
  0x000001edfce33000 JavaThread "jar transforms Thread 77" [_thread_blocked, id=5280, stack(0x000000793c300000,0x000000793c400000)]
  0x000001edfce32000 JavaThread "jar transforms Thread 78" [_thread_blocked, id=21712, stack(0x000000793c400000,0x000000793c500000)]
  0x000001edfce2d000 JavaThread "jar transforms Thread 79" [_thread_blocked, id=23020, stack(0x000000793c500000,0x000000793c600000)]
  0x000001edfce33800 JavaThread "jar transforms Thread 80" [_thread_blocked, id=5548, stack(0x000000793c600000,0x000000793c700000)]
  0x000001edfce2e000 JavaThread "jar transforms Thread 81" [_thread_blocked, id=21524, stack(0x000000793c700000,0x000000793c800000)]
  0x000001edfce30800 JavaThread "jar transforms Thread 82" [_thread_blocked, id=21100, stack(0x000000793c800000,0x000000793c900000)]
  0x000001edfce34800 JavaThread "jar transforms Thread 83" [_thread_blocked, id=20792, stack(0x000000793c900000,0x000000793ca00000)]
  0x000001edfce2f800 JavaThread "jar transforms Thread 84" [_thread_blocked, id=20796, stack(0x000000793ca00000,0x000000793cb00000)]
  0x000001edfce2e800 JavaThread "jar transforms Thread 85" [_thread_blocked, id=7692, stack(0x000000793cb00000,0x000000793cc00000)]
  0x000001edfce3a000 JavaThread "jar transforms Thread 86" [_thread_blocked, id=18436, stack(0x000000793cc00000,0x000000793cd00000)]
  0x000001edfce35800 JavaThread "jar transforms Thread 87" [_thread_blocked, id=22184, stack(0x000000793cd00000,0x000000793ce00000)]
  0x000001edfce38800 JavaThread "jar transforms Thread 88" [_thread_blocked, id=15068, stack(0x000000793ce00000,0x000000793cf00000)]
  0x000001edfce39800 JavaThread "jar transforms Thread 89" [_thread_blocked, id=22052, stack(0x000000793cf00000,0x000000793d000000)]
  0x000001edfce3b000 JavaThread "jar transforms Thread 90" [_thread_blocked, id=23352, stack(0x000000793d000000,0x000000793d100000)]
  0x000001edfce3c000 JavaThread "jar transforms Thread 91" [_thread_blocked, id=10128, stack(0x000000793d100000,0x000000793d200000)]
  0x000001edfce37000 JavaThread "jar transforms Thread 92" [_thread_blocked, id=1472, stack(0x000000793d200000,0x000000793d300000)]
  0x000001edfce36000 JavaThread "jar transforms Thread 93" [_thread_blocked, id=7968, stack(0x000000793d300000,0x000000793d400000)]
  0x000001edfce37800 JavaThread "jar transforms Thread 94" [_thread_blocked, id=20180, stack(0x000000793d400000,0x000000793d500000)]
  0x000001edfcf72800 JavaThread "jar transforms Thread 95" [_thread_blocked, id=6604, stack(0x000000793d500000,0x000000793d600000)]
  0x000001edfcf6f000 JavaThread "jar transforms Thread 96" [_thread_blocked, id=20548, stack(0x000000793d600000,0x000000793d700000)]
  0x000001edfcf70000 JavaThread "jar transforms Thread 97" [_thread_blocked, id=15340, stack(0x000000793d700000,0x000000793d800000)]
  0x000001edfcf76800 JavaThread "jar transforms Thread 98" [_thread_blocked, id=8228, stack(0x000000793d800000,0x000000793d900000)]
  0x000001edfcf73800 JavaThread "jar transforms Thread 99" [_thread_blocked, id=11464, stack(0x000000793d900000,0x000000793da00000)]
  0x000001edfcf74000 JavaThread "jar transforms Thread 100" [_thread_blocked, id=7264, stack(0x000000793da00000,0x000000793db00000)]
  0x000001edfcf75000 JavaThread "jar transforms Thread 101" [_thread_blocked, id=11744, stack(0x000000793db00000,0x000000793dc00000)]
  0x000001edfcf75800 JavaThread "jar transforms Thread 102" [_thread_blocked, id=22208, stack(0x000000793dc00000,0x000000793dd00000)]
  0x000001edfcf71000 JavaThread "jar transforms Thread 103" [_thread_blocked, id=4848, stack(0x000000793dd00000,0x000000793de00000)]
  0x000001edfcf77800 JavaThread "jar transforms Thread 104" [_thread_blocked, id=13924, stack(0x000000793de00000,0x000000793df00000)]
  0x000001edfcf71800 JavaThread "jar transforms Thread 105" [_thread_blocked, id=6228, stack(0x000000793df00000,0x000000793e000000)]
  0x000001edfcf79000 JavaThread "jar transforms Thread 106" [_thread_blocked, id=3012, stack(0x000000793e000000,0x000000793e100000)]
  0x000001edfcf7b800 JavaThread "jar transforms Thread 107" [_thread_blocked, id=4544, stack(0x000000793e100000,0x000000793e200000)]
  0x000001edfcf7e000 JavaThread "jar transforms Thread 108" [_thread_blocked, id=2032, stack(0x000000793e200000,0x000000793e300000)]
  0x000001edfcf78000 JavaThread "jar transforms Thread 109" [_thread_blocked, id=18372, stack(0x000000793e300000,0x000000793e400000)]
  0x000001edfcf7a800 JavaThread "jar transforms Thread 110" [_thread_blocked, id=15504, stack(0x000000793e400000,0x000000793e500000)]
  0x000001edfcf7a000 JavaThread "jar transforms Thread 111" [_thread_blocked, id=23028, stack(0x000000793e500000,0x000000793e600000)]
  0x000001edfcf7c000 JavaThread "jar transforms Thread 112" [_thread_blocked, id=3308, stack(0x000000793e600000,0x000000793e700000)]
  0x000001edfcf7d000 JavaThread "jar transforms Thread 113" [_thread_blocked, id=15776, stack(0x000000793e700000,0x000000793e800000)]
  0x000001ed8f55c800 JavaThread "jar transforms Thread 114" [_thread_blocked, id=17580, stack(0x000000793e800000,0x000000793e900000)]
  0x000001ed8f55f000 JavaThread "jar transforms Thread 115" [_thread_blocked, id=16696, stack(0x000000793e900000,0x000000793ea00000)]
  0x000001ed8f55d800 JavaThread "jar transforms Thread 116" [_thread_blocked, id=1816, stack(0x000000793ea00000,0x000000793eb00000)]
  0x000001ed8f55b000 JavaThread "jar transforms Thread 117" [_thread_blocked, id=21004, stack(0x000000793eb00000,0x000000793ec00000)]
  0x000001ed8f55e000 JavaThread "jar transforms Thread 118" [_thread_blocked, id=22444, stack(0x000000793ec00000,0x000000793ed00000)]
  0x000001ed8f559800 JavaThread "Memory manager" [_thread_blocked, id=22204, stack(0x000000793ed00000,0x000000793ee00000)]
  0x000001ed8f560000 JavaThread "build event listener" [_thread_blocked, id=22912, stack(0x000000793f000000,0x000000793f100000)]
  0x000001ed8f55a000 JavaThread "build event listener" [_thread_blocked, id=21180, stack(0x000000793f100000,0x000000793f200000)]
  0x000001ed8f560800 JavaThread "Execution worker for ':'" [_thread_blocked, id=13896, stack(0x000000793f200000,0x000000793f300000)]
  0x000001ed8f561800 JavaThread "Execution worker for ':' Thread 2" [_thread_blocked, id=22084, stack(0x000000793f300000,0x000000793f400000)]
  0x000001ed8f55b800 JavaThread "Execution worker for ':' Thread 3" [_thread_blocked, id=3656, stack(0x000000793f400000,0x000000793f500000)]
  0x000001ed8f564800 JavaThread "Execution worker for ':' Thread 4" [_thread_in_Java, id=9852, stack(0x000000793f500000,0x000000793f600000)]
  0x000001ed8f565800 JavaThread "Execution worker for ':' Thread 5" [_thread_blocked, id=704, stack(0x000000793f600000,0x000000793f700000)]
  0x000001ed8f566800 JavaThread "Execution worker for ':' Thread 6" [_thread_blocked, id=19876, stack(0x000000793f700000,0x000000793f800000)]
  0x000001ed8f568000 JavaThread "Execution worker for ':' Thread 7" [_thread_blocked, id=8300, stack(0x000000793f800000,0x000000793f900000)]
  0x000001ed8f564000 JavaThread "Cache worker for execution history cache (C:\Users\dimas\AndroidStudioProjects\SocioGreen\.gradle\6.7.1\executionHistory)" [_thread_blocked, id=2348, stack(0x000000793f900000,0x000000793fa00000)]
  0x000001ed8f562000 JavaThread "WorkerExecutor Queue" [_thread_blocked, id=19064, stack(0x000000793fa00000,0x000000793fb00000)]
  0x000001ed8f567000 JavaThread "WorkerExecutor Queue Thread 2" [_thread_blocked, id=19408, stack(0x0000007935b00000,0x0000007935c00000)]
=>0x000001ed93f66000 JavaThread "C2 CompilerThread1" daemon [_thread_in_native, id=20944, stack(0x0000007936e00000,0x0000007936f00000)]

Other Threads:
  0x000001edfaa46800 VMThread "VM Thread" [stack: 0x0000007934400000,0x0000007934500000] [id=16680]
  0x000001edfac8e000 WatcherThread [stack: 0x0000007934e00000,0x0000007934f00000] [id=7488]
  0x000001edee6ff000 GCTaskThread "GC Thread#0" [stack: 0x0000007933f00000,0x0000007934000000] [id=8756]
  0x000001edfb69b000 GCTaskThread "GC Thread#1" [stack: 0x0000007935000000,0x0000007935100000] [id=11036]
  0x000001edfb882000 GCTaskThread "GC Thread#2" [stack: 0x0000007935100000,0x0000007935200000] [id=3280]
  0x000001edfb644000 GCTaskThread "GC Thread#3" [stack: 0x0000007935200000,0x0000007935300000] [id=20004]
  0x000001edfb644800 GCTaskThread "GC Thread#4" [stack: 0x0000007935300000,0x0000007935400000] [id=11756]
  0x000001edfba3b800 GCTaskThread "GC Thread#5" [stack: 0x0000007935400000,0x0000007935500000] [id=744]
  0x000001edfcb91800 GCTaskThread "GC Thread#6" [stack: 0x0000007936300000,0x0000007936400000] [id=22772]
  0x000001edfc441800 GCTaskThread "GC Thread#7" [stack: 0x0000007936400000,0x0000007936500000] [id=7632]
  0x000001edee732800 ConcurrentGCThread "G1 Main Marker" [stack: 0x0000007934000000,0x0000007934100000] [id=148]
  0x000001edee735000 ConcurrentGCThread "G1 Conc#0" [stack: 0x0000007934100000,0x0000007934200000] [id=18980]
  0x000001edfb82f000 ConcurrentGCThread "G1 Conc#1" [stack: 0x0000007936500000,0x0000007936600000] [id=21648]
  0x000001edfa094800 ConcurrentGCThread "G1 Refine#0" [stack: 0x0000007934200000,0x0000007934300000] [id=22260]
  0x000001edfed73800 ConcurrentGCThread "G1 Refine#1" [stack: 0x000000793ee00000,0x000000793ef00000] [id=20656]
  0x000001ed90d44800 ConcurrentGCThread "G1 Refine#2" [stack: 0x000000793ef00000,0x000000793f000000] [id=9056]
  0x000001edfa097000 ConcurrentGCThread "G1 Young RemSet Sampling" [stack: 0x0000007934300000,0x0000007934400000] [id=1364]

Threads with active compile tasks:
C2 CompilerThread0  18129 10769       4       com.android.utils.XmlUtils::append (647 bytes)
C2 CompilerThread1  18129 10745       4       com.android.ide.common.resources.NodeUtils::duplicateNode (315 bytes)

VM state:not at safepoint (normal execution)

VM Mutex/Monitor currently owned by a thread: None

Heap address: 0x0000000080000000, size: 2048 MB, Compressed Oops mode: 32-bit
Narrow klass base: 0x0000000000000000, Narrow klass shift: 3
Compressed class space size: 1073741824 Address: 0x0000000100000000

Heap:
 garbage-first heap   total 260096K, used 95571K [0x0000000080000000, 0x0000000100000000)
  region size 1024K, 15 young (15360K), 11 survivors (11264K)
 Metaspace       used 84368K, capacity 86423K, committed 86604K, reserved 1124352K
  class space    used 10822K, capacity 11565K, committed 11596K, reserved 1048576K
Heap Regions: E=young(eden), S=young(survivor), O=old, HS=humongous(starts), HC=humongous(continues), CS=collection set, F=free, A=archive, TAMS=top-at-mark-start (previous, next)
|   0|0x0000000080000000, 0x0000000080100000, 0x0000000080100000|100%| O|  |TAMS 0x0000000080100000, 0x0000000080000000| Untracked 
|   1|0x0000000080100000, 0x0000000080200000, 0x0000000080200000|100%| O|  |TAMS 0x0000000080200000, 0x0000000080100000| Untracked 
|   2|0x0000000080200000, 0x0000000080300000, 0x0000000080300000|100%| O|  |TAMS 0x0000000080300000, 0x0000000080200000| Untracked 
|   3|0x0000000080300000, 0x0000000080400000, 0x0000000080400000|100%|HS|  |TAMS 0x0000000080400000, 0x0000000080300000| Complete 
|   4|0x0000000080400000, 0x0000000080500000, 0x0000000080500000|100%|HC|  |TAMS 0x0000000080500000, 0x0000000080400000| Complete 
|   5|0x0000000080500000, 0x0000000080600000, 0x0000000080600000|100%|HC|  |TAMS 0x0000000080600000, 0x0000000080500000| Complete 
|   6|0x0000000080600000, 0x0000000080700000, 0x0000000080700000|100%| O|  |TAMS 0x0000000080700000, 0x0000000080600000| Untracked 
|   7|0x0000000080700000, 0x0000000080800000, 0x0000000080800000|100%| O|  |TAMS 0x0000000080800000, 0x0000000080700000| Untracked 
|   8|0x0000000080800000, 0x0000000080900000, 0x0000000080900000|100%| O|  |TAMS 0x0000000080900000, 0x0000000080800000| Untracked 
|   9|0x0000000080900000, 0x0000000080a00000, 0x0000000080a00000|100%| O|  |TAMS 0x0000000080a00000, 0x0000000080900000| Untracked 
|  10|0x0000000080a00000, 0x0000000080b00000, 0x0000000080b00000|100%| O|  |TAMS 0x0000000080b00000, 0x0000000080a00000| Untracked 
|  11|0x0000000080b00000, 0x0000000080c00000, 0x0000000080c00000|100%| O|  |TAMS 0x0000000080c00000, 0x0000000080b00000| Untracked 
|  12|0x0000000080c00000, 0x0000000080d00000, 0x0000000080d00000|100%| O|  |TAMS 0x0000000080d00000, 0x0000000080c00000| Untracked 
|  13|0x0000000080d00000, 0x0000000080e00000, 0x0000000080e00000|100%| O|  |TAMS 0x0000000080e00000, 0x0000000080d00000| Untracked 
|  14|0x0000000080e00000, 0x0000000080f00000, 0x0000000080f00000|100%| O|  |TAMS 0x0000000080f00000, 0x0000000080e00000| Untracked 
|  15|0x0000000080f00000, 0x0000000081000000, 0x0000000081000000|100%| O|  |TAMS 0x0000000081000000, 0x0000000080f00000| Untracked 
|  16|0x0000000081000000, 0x0000000081100000, 0x0000000081100000|100%|HS|  |TAMS 0x0000000081100000, 0x0000000081000000| Complete 
|  17|0x0000000081100000, 0x0000000081200000, 0x0000000081200000|100%|HS|  |TAMS 0x0000000081200000, 0x0000000081100000| Complete 
|  18|0x0000000081200000, 0x0000000081300000, 0x0000000081300000|100%|HC|  |TAMS 0x0000000081300000, 0x0000000081200000| Complete 
|  19|0x0000000081300000, 0x0000000081400000, 0x0000000081400000|100%|HC|  |TAMS 0x0000000081400000, 0x0000000081300000| Complete 
|  20|0x0000000081400000, 0x0000000081500000, 0x0000000081500000|100%|HS|  |TAMS 0x0000000081500000, 0x0000000081400000| Complete 
|  21|0x0000000081500000, 0x0000000081600000, 0x0000000081600000|100%|HC|  |TAMS 0x0000000081600000, 0x0000000081500000| Complete 
|  22|0x0000000081600000, 0x0000000081700000, 0x0000000081700000|100%| O|  |TAMS 0x0000000081700000, 0x0000000081600000| Untracked 
|  23|0x0000000081700000, 0x0000000081800000, 0x0000000081800000|100%| O|  |TAMS 0x0000000081800000, 0x0000000081700000| Untracked 
|  24|0x0000000081800000, 0x0000000081900000, 0x0000000081900000|100%| O|  |TAMS 0x0000000081900000, 0x0000000081800000| Untracked 
|  25|0x0000000081900000, 0x0000000081a00000, 0x0000000081a00000|100%| O|  |TAMS 0x0000000081a00000, 0x0000000081900000| Untracked 
|  26|0x0000000081a00000, 0x0000000081b00000, 0x0000000081b00000|100%| O|  |TAMS 0x0000000081a00000, 0x0000000081a00000| Untracked 
|  27|0x0000000081b00000, 0x0000000081c00000, 0x0000000081c00000|100%| O|  |TAMS 0x0000000081c00000, 0x0000000081b00000| Untracked 
|  28|0x0000000081c00000, 0x0000000081d00000, 0x0000000081d00000|100%| O|  |TAMS 0x0000000081d00000, 0x0000000081c00000| Untracked 
|  29|0x0000000081d00000, 0x0000000081e00000, 0x0000000081e00000|100%| O|  |TAMS 0x0000000081e00000, 0x0000000081d00000| Untracked 
|  30|0x0000000081e00000, 0x0000000081f00000, 0x0000000081f00000|100%| O|  |TAMS 0x0000000081f00000, 0x0000000081e00000| Untracked 
|  31|0x0000000081f00000, 0x0000000082000000, 0x0000000082000000|100%| O|  |TAMS 0x0000000082000000, 0x0000000081f00000| Untracked 
|  32|0x0000000082000000, 0x0000000082100000, 0x0000000082100000|100%| O|  |TAMS 0x0000000082100000, 0x0000000082000000| Untracked 
|  33|0x0000000082100000, 0x0000000082200000, 0x0000000082200000|100%| O|  |TAMS 0x0000000082200000, 0x0000000082100000| Untracked 
|  34|0x0000000082200000, 0x0000000082300000, 0x0000000082300000|100%| O|  |TAMS 0x0000000082300000, 0x0000000082200000| Untracked 
|  35|0x0000000082300000, 0x0000000082400000, 0x0000000082400000|100%| O|  |TAMS 0x0000000082400000, 0x0000000082300000| Untracked 
|  36|0x0000000082400000, 0x0000000082500000, 0x0000000082500000|100%| O|  |TAMS 0x0000000082500000, 0x0000000082400000| Untracked 
|  37|0x0000000082500000, 0x0000000082600000, 0x0000000082600000|100%| O|  |TAMS 0x0000000082600000, 0x0000000082500000| Untracked 
|  38|0x0000000082600000, 0x0000000082700000, 0x0000000082700000|100%| O|  |TAMS 0x0000000082700000, 0x0000000082600000| Untracked 
|  39|0x0000000082700000, 0x0000000082800000, 0x0000000082800000|100%| O|  |TAMS 0x0000000082800000, 0x0000000082700000| Untracked 
|  40|0x0000000082800000, 0x0000000082900000, 0x0000000082900000|100%| O|  |TAMS 0x0000000082900000, 0x0000000082800000| Untracked 
|  41|0x0000000082900000, 0x0000000082a00000, 0x0000000082a00000|100%| O|  |TAMS 0x0000000082a00000, 0x0000000082900000| Untracked 
|  42|0x0000000082a00000, 0x0000000082b00000, 0x0000000082b00000|100%| O|  |TAMS 0x0000000082b00000, 0x0000000082a00000| Untracked 
|  43|0x0000000082b00000, 0x0000000082c00000, 0x0000000082c00000|100%| O|  |TAMS 0x0000000082c00000, 0x0000000082b00000| Untracked 
|  44|0x0000000082c00000, 0x0000000082d00000, 0x0000000082d00000|100%| O|  |TAMS 0x0000000082cc2e00, 0x0000000082c00000| Untracked 
|  45|0x0000000082d00000, 0x0000000082e00000, 0x0000000082e00000|100%| O|  |TAMS 0x0000000082d00000, 0x0000000082d00000| Untracked 
|  46|0x0000000082e00000, 0x0000000082f00000, 0x0000000082f00000|100%| O|  |TAMS 0x0000000082e00000, 0x0000000082e00000| Untracked 
|  47|0x0000000082f00000, 0x0000000083000000, 0x0000000083000000|100%| O|  |TAMS 0x0000000082f00000, 0x0000000082f00000| Untracked 
|  48|0x0000000083000000, 0x0000000083100000, 0x0000000083100000|100%| O|  |TAMS 0x0000000083000000, 0x0000000083000000| Untracked 
|  49|0x0000000083100000, 0x0000000083200000, 0x0000000083200000|100%| O|  |TAMS 0x0000000083100000, 0x0000000083100000| Untracked 
|  50|0x0000000083200000, 0x0000000083300000, 0x0000000083300000|100%| O|  |TAMS 0x0000000083200000, 0x0000000083200000| Untracked 
|  51|0x0000000083300000, 0x0000000083400000, 0x0000000083400000|100%| O|  |TAMS 0x0000000083300000, 0x0000000083300000| Untracked 
|  52|0x0000000083400000, 0x0000000083500000, 0x0000000083500000|100%|HS|  |TAMS 0x0000000083400000, 0x0000000083400000| Complete 
|  53|0x0000000083500000, 0x0000000083500000, 0x0000000083600000|  0%| F|  |TAMS 0x0000000083500000, 0x0000000083500000| Untracked 
|  54|0x0000000083600000, 0x0000000083700000, 0x0000000083700000|100%|HS|  |TAMS 0x0000000083600000, 0x0000000083600000| Complete 
|  55|0x0000000083700000, 0x0000000083800000, 0x0000000083800000|100%| O|  |TAMS 0x0000000083700000, 0x0000000083700000| Untracked 
|  56|0x0000000083800000, 0x0000000083900000, 0x0000000083900000|100%| O|  |TAMS 0x0000000083800000, 0x0000000083800000| Untracked 
|  57|0x0000000083900000, 0x0000000083a00000, 0x0000000083a00000|100%| O|  |TAMS 0x0000000083900000, 0x0000000083900000| Untracked 
|  58|0x0000000083a00000, 0x0000000083b00000, 0x0000000083b00000|100%| O|  |TAMS 0x0000000083a00000, 0x0000000083a00000| Untracked 
|  59|0x0000000083b00000, 0x0000000083c00000, 0x0000000083c00000|100%| O|  |TAMS 0x0000000083b00000, 0x0000000083b00000| Untracked 
|  60|0x0000000083c00000, 0x0000000083d00000, 0x0000000083d00000|100%| O|  |TAMS 0x0000000083c00000, 0x0000000083c00000| Untracked 
|  61|0x0000000083d00000, 0x0000000083e00000, 0x0000000083e00000|100%| O|  |TAMS 0x0000000083d00000, 0x0000000083d00000| Untracked 
|  62|0x0000000083e00000, 0x0000000083f00000, 0x0000000083f00000|100%| O|  |TAMS 0x0000000083e00000, 0x0000000083e00000| Untracked 
|  63|0x0000000083f00000, 0x0000000084000000, 0x0000000084000000|100%| O|  |TAMS 0x0000000083f00000, 0x0000000083f00000| Untracked 
|  64|0x0000000084000000, 0x0000000084100000, 0x0000000084100000|100%| O|  |TAMS 0x0000000084000000, 0x0000000084000000| Untracked 
|  65|0x0000000084100000, 0x0000000084200000, 0x0000000084200000|100%|HS|  |TAMS 0x0000000084100000, 0x0000000084100000| Complete 
|  66|0x0000000084200000, 0x0000000084300000, 0x0000000084300000|100%|HC|  |TAMS 0x0000000084200000, 0x0000000084200000| Complete 
|  67|0x0000000084300000, 0x0000000084300000, 0x0000000084400000|  0%| F|  |TAMS 0x0000000084300000, 0x0000000084300000| Untracked 
|  68|0x0000000084400000, 0x0000000084500000, 0x0000000084500000|100%| O|  |TAMS 0x0000000084400000, 0x0000000084400000| Untracked 
|  69|0x0000000084500000, 0x0000000084600000, 0x0000000084600000|100%| O|  |TAMS 0x0000000084500000, 0x0000000084500000| Untracked 
|  70|0x0000000084600000, 0x0000000084700000, 0x0000000084700000|100%| O|  |TAMS 0x0000000084600000, 0x0000000084600000| Untracked 
|  71|0x0000000084700000, 0x0000000084800000, 0x0000000084800000|100%| O|  |TAMS 0x0000000084700000, 0x0000000084700000| Untracked 
|  72|0x0000000084800000, 0x0000000084900000, 0x0000000084900000|100%| O|  |TAMS 0x0000000084800000, 0x0000000084800000| Untracked 
|  73|0x0000000084900000, 0x0000000084a00000, 0x0000000084a00000|100%| O|  |TAMS 0x0000000084900000, 0x0000000084900000| Untracked 
|  74|0x0000000084a00000, 0x0000000084b00000, 0x0000000084b00000|100%| O|  |TAMS 0x0000000084a00000, 0x0000000084a00000| Untracked 
|  75|0x0000000084b00000, 0x0000000084c00000, 0x0000000084c00000|100%| O|  |TAMS 0x0000000084b00000, 0x0000000084b00000| Untracked 
|  76|0x0000000084c00000, 0x0000000084d00000, 0x0000000084d00000|100%| O|  |TAMS 0x0000000084c00000, 0x0000000084c00000| Untracked 
|  77|0x0000000084d00000, 0x0000000084e00000, 0x0000000084e00000|100%| O|  |TAMS 0x0000000084d00000, 0x0000000084d00000| Untracked 
|  78|0x0000000084e00000, 0x0000000084f00000, 0x0000000084f00000|100%| O|  |TAMS 0x0000000084e00000, 0x0000000084e00000| Untracked 
|  79|0x0000000084f00000, 0x0000000085000000, 0x0000000085000000|100%| O|  |TAMS 0x0000000084f00000, 0x0000000084f00000| Untracked 
|  80|0x0000000085000000, 0x0000000085100000, 0x0000000085100000|100%| O|  |TAMS 0x0000000085000000, 0x0000000085000000| Untracked 
|  81|0x0000000085100000, 0x0000000085200000, 0x0000000085200000|100%| O|  |TAMS 0x0000000085100000, 0x0000000085100000| Untracked 
|  82|0x0000000085200000, 0x0000000085300000, 0x0000000085300000|100%| O|  |TAMS 0x0000000085200000, 0x0000000085200000| Untracked 
|  83|0x0000000085300000, 0x0000000085300000, 0x0000000085400000|  0%| F|  |TAMS 0x0000000085300000, 0x0000000085300000| Untracked 
|  84|0x0000000085400000, 0x0000000085400000, 0x0000000085500000|  0%| F|  |TAMS 0x0000000085400000, 0x0000000085400000| Untracked 
|  85|0x0000000085500000, 0x0000000085500000, 0x0000000085600000|  0%| F|  |TAMS 0x0000000085500000, 0x0000000085500000| Untracked 
|  86|0x0000000085600000, 0x0000000085600000, 0x0000000085700000|  0%| F|  |TAMS 0x0000000085600000, 0x0000000085600000| Untracked 
|  87|0x0000000085700000, 0x0000000085700000, 0x0000000085800000|  0%| F|  |TAMS 0x0000000085700000, 0x0000000085700000| Untracked 
|  88|0x0000000085800000, 0x0000000085800000, 0x0000000085900000|  0%| F|  |TAMS 0x0000000085800000, 0x0000000085800000| Untracked 
|  89|0x0000000085900000, 0x0000000085900000, 0x0000000085a00000|  0%| F|  |TAMS 0x0000000085900000, 0x0000000085900000| Untracked 
|  90|0x0000000085a00000, 0x0000000085a00000, 0x0000000085b00000|  0%| F|  |TAMS 0x0000000085a00000, 0x0000000085a00000| Untracked 
|  91|0x0000000085b00000, 0x0000000085b00000, 0x0000000085c00000|  0%| F|  |TAMS 0x0000000085b00000, 0x0000000085b00000| Untracked 
|  92|0x0000000085c00000, 0x0000000085c00000, 0x0000000085d00000|  0%| F|  |TAMS 0x0000000085c00000, 0x0000000085c00000| Untracked 
|  93|0x0000000085d00000, 0x0000000085d00000, 0x0000000085e00000|  0%| F|  |TAMS 0x0000000085d00000, 0x0000000085d00000| Untracked 
|  94|0x0000000085e00000, 0x0000000085e00000, 0x0000000085f00000|  0%| F|  |TAMS 0x0000000085e00000, 0x0000000085e00000| Untracked 
|  95|0x0000000085f00000, 0x0000000085f00000, 0x0000000086000000|  0%| F|  |TAMS 0x0000000085f00000, 0x0000000085f00000| Untracked 
|  96|0x0000000086000000, 0x0000000086000000, 0x0000000086100000|  0%| F|  |TAMS 0x0000000086000000, 0x0000000086000000| Untracked 
|  97|0x0000000086100000, 0x0000000086100000, 0x0000000086200000|  0%| F|  |TAMS 0x0000000086100000, 0x0000000086100000| Untracked 
|  98|0x0000000086200000, 0x0000000086200000, 0x0000000086300000|  0%| F|  |TAMS 0x0000000086200000, 0x0000000086200000| Untracked 
|  99|0x0000000086300000, 0x0000000086300000, 0x0000000086400000|  0%| F|  |TAMS 0x0000000086300000, 0x0000000086300000| Untracked 
| 100|0x0000000086400000, 0x0000000086400000, 0x0000000086500000|  0%| F|  |TAMS 0x0000000086400000, 0x0000000086400000| Untracked 
| 101|0x0000000086500000, 0x0000000086500000, 0x0000000086600000|  0%| F|  |TAMS 0x0000000086500000, 0x0000000086500000| Untracked 
| 102|0x0000000086600000, 0x0000000086600000, 0x0000000086700000|  0%| F|  |TAMS 0x0000000086600000, 0x0000000086600000| Untracked 
| 103|0x0000000086700000, 0x0000000086700000, 0x0000000086800000|  0%| F|  |TAMS 0x0000000086700000, 0x0000000086700000| Untracked 
| 104|0x0000000086800000, 0x0000000086800000, 0x0000000086900000|  0%| F|  |TAMS 0x0000000086800000, 0x0000000086800000| Untracked 
| 105|0x0000000086900000, 0x0000000086900000, 0x0000000086a00000|  0%| F|  |TAMS 0x0000000086900000, 0x0000000086900000| Untracked 
| 106|0x0000000086a00000, 0x0000000086a00000, 0x0000000086b00000|  0%| F|  |TAMS 0x0000000086a00000, 0x0000000086a00000| Untracked 
| 107|0x0000000086b00000, 0x0000000086b00000, 0x0000000086c00000|  0%| F|  |TAMS 0x0000000086b00000, 0x0000000086b00000| Untracked 
| 108|0x0000000086c00000, 0x0000000086c00000, 0x0000000086d00000|  0%| F|  |TAMS 0x0000000086c00000, 0x0000000086c00000| Untracked 
| 109|0x0000000086d00000, 0x0000000086d00000, 0x0000000086e00000|  0%| F|  |TAMS 0x0000000086d00000, 0x0000000086d00000| Untracked 
| 110|0x0000000086e00000, 0x0000000086e00000, 0x0000000086f00000|  0%| F|  |TAMS 0x0000000086e00000, 0x0000000086e00000| Untracked 
| 111|0x0000000086f00000, 0x0000000086f00000, 0x0000000087000000|  0%| F|  |TAMS 0x0000000086f00000, 0x0000000086f00000| Untracked 
| 112|0x0000000087000000, 0x0000000087000000, 0x0000000087100000|  0%| F|  |TAMS 0x0000000087000000, 0x0000000087000000| Untracked 
| 113|0x0000000087100000, 0x0000000087100000, 0x0000000087200000|  0%| F|  |TAMS 0x0000000087100000, 0x0000000087100000| Untracked 
| 114|0x0000000087200000, 0x0000000087200000, 0x0000000087300000|  0%| F|  |TAMS 0x0000000087200000, 0x0000000087200000| Untracked 
| 115|0x0000000087300000, 0x0000000087300000, 0x0000000087400000|  0%| F|  |TAMS 0x0000000087300000, 0x0000000087300000| Untracked 
| 116|0x0000000087400000, 0x0000000087400000, 0x0000000087500000|  0%| F|  |TAMS 0x0000000087400000, 0x0000000087400000| Untracked 
| 117|0x0000000087500000, 0x0000000087500000, 0x0000000087600000|  0%| F|  |TAMS 0x0000000087500000, 0x0000000087500000| Untracked 
| 118|0x0000000087600000, 0x0000000087600000, 0x0000000087700000|  0%| F|  |TAMS 0x0000000087600000, 0x0000000087600000| Untracked 
| 119|0x0000000087700000, 0x0000000087700000, 0x0000000087800000|  0%| F|  |TAMS 0x0000000087700000, 0x0000000087700000| Untracked 
| 120|0x0000000087800000, 0x0000000087800000, 0x0000000087900000|  0%| F|  |TAMS 0x0000000087800000, 0x0000000087800000| Untracked 
| 121|0x0000000087900000, 0x0000000087900000, 0x0000000087a00000|  0%| F|  |TAMS 0x0000000087900000, 0x0000000087900000| Untracked 
| 122|0x0000000087a00000, 0x0000000087a00000, 0x0000000087b00000|  0%| F|  |TAMS 0x0000000087a00000, 0x0000000087a00000| Untracked 
| 123|0x0000000087b00000, 0x0000000087b00000, 0x0000000087c00000|  0%| F|  |TAMS 0x0000000087b00000, 0x0000000087b00000| Untracked 
| 124|0x0000000087c00000, 0x0000000087c00000, 0x0000000087d00000|  0%| F|  |TAMS 0x0000000087c00000, 0x0000000087c00000| Untracked 
| 125|0x0000000087d00000, 0x0000000087d00000, 0x0000000087e00000|  0%| F|  |TAMS 0x0000000087d00000, 0x0000000087d00000| Untracked 
| 126|0x0000000087e00000, 0x0000000087e00000, 0x0000000087f00000|  0%| F|  |TAMS 0x0000000087e00000, 0x0000000087e00000| Untracked 
| 127|0x0000000087f00000, 0x0000000087f00000, 0x0000000088000000|  0%| F|  |TAMS 0x0000000087f00000, 0x0000000087f00000| Untracked 
| 128|0x0000000088000000, 0x0000000088000000, 0x0000000088100000|  0%| F|  |TAMS 0x0000000088000000, 0x0000000088000000| Untracked 
| 129|0x0000000088100000, 0x0000000088100000, 0x0000000088200000|  0%| F|  |TAMS 0x0000000088100000, 0x0000000088100000| Untracked 
| 130|0x0000000088200000, 0x0000000088200000, 0x0000000088300000|  0%| F|  |TAMS 0x0000000088200000, 0x0000000088200000| Untracked 
| 131|0x0000000088300000, 0x0000000088300000, 0x0000000088400000|  0%| F|  |TAMS 0x0000000088300000, 0x0000000088300000| Untracked 
| 132|0x0000000088400000, 0x0000000088400000, 0x0000000088500000|  0%| F|  |TAMS 0x0000000088400000, 0x0000000088400000| Untracked 
| 133|0x0000000088500000, 0x0000000088500000, 0x0000000088600000|  0%| F|  |TAMS 0x0000000088500000, 0x0000000088500000| Untracked 
| 134|0x0000000088600000, 0x0000000088600000, 0x0000000088700000|  0%| F|  |TAMS 0x0000000088600000, 0x0000000088600000| Untracked 
| 135|0x0000000088700000, 0x0000000088700000, 0x0000000088800000|  0%| F|  |TAMS 0x0000000088700000, 0x0000000088700000| Untracked 
| 136|0x0000000088800000, 0x0000000088800000, 0x0000000088900000|  0%| F|  |TAMS 0x0000000088800000, 0x0000000088800000| Untracked 
| 137|0x0000000088900000, 0x0000000088900000, 0x0000000088a00000|  0%| F|  |TAMS 0x0000000088900000, 0x0000000088900000| Untracked 
| 138|0x0000000088a00000, 0x0000000088a00000, 0x0000000088b00000|  0%| F|  |TAMS 0x0000000088a00000, 0x0000000088a00000| Untracked 
| 139|0x0000000088b00000, 0x0000000088b00000, 0x0000000088c00000|  0%| F|  |TAMS 0x0000000088b00000, 0x0000000088b00000| Untracked 
| 140|0x0000000088c00000, 0x0000000088c00000, 0x0000000088d00000|  0%| F|  |TAMS 0x0000000088c00000, 0x0000000088c00000| Untracked 
| 141|0x0000000088d00000, 0x0000000088d00000, 0x0000000088e00000|  0%| F|  |TAMS 0x0000000088d00000, 0x0000000088d00000| Untracked 
| 142|0x0000000088e00000, 0x0000000088e00000, 0x0000000088f00000|  0%| F|  |TAMS 0x0000000088e00000, 0x0000000088e00000| Untracked 
| 143|0x0000000088f00000, 0x0000000088f00000, 0x0000000089000000|  0%| F|  |TAMS 0x0000000088f00000, 0x0000000088f00000| Untracked 
| 144|0x0000000089000000, 0x0000000089000000, 0x0000000089100000|  0%| F|  |TAMS 0x0000000089000000, 0x0000000089000000| Untracked 
| 145|0x0000000089100000, 0x0000000089154f68, 0x0000000089200000| 33%| S|CS|TAMS 0x0000000089100000, 0x0000000089100000| Complete 
| 146|0x0000000089200000, 0x0000000089300000, 0x0000000089300000|100%| S|CS|TAMS 0x0000000089200000, 0x0000000089200000| Complete 
| 147|0x0000000089300000, 0x0000000089400000, 0x0000000089400000|100%| S|CS|TAMS 0x0000000089300000, 0x0000000089300000| Complete 
| 148|0x0000000089400000, 0x0000000089500000, 0x0000000089500000|100%| S|CS|TAMS 0x0000000089400000, 0x0000000089400000| Complete 
| 149|0x0000000089500000, 0x0000000089600000, 0x0000000089600000|100%| S|CS|TAMS 0x0000000089500000, 0x0000000089500000| Complete 
| 150|0x0000000089600000, 0x0000000089700000, 0x0000000089700000|100%| S|CS|TAMS 0x0000000089600000, 0x0000000089600000| Complete 
| 151|0x0000000089700000, 0x0000000089800000, 0x0000000089800000|100%| S|CS|TAMS 0x0000000089700000, 0x0000000089700000| Complete 
| 152|0x0000000089800000, 0x0000000089900000, 0x0000000089900000|100%| S|CS|TAMS 0x0000000089800000, 0x0000000089800000| Complete 
| 153|0x0000000089900000, 0x0000000089a00000, 0x0000000089a00000|100%| S|CS|TAMS 0x0000000089900000, 0x0000000089900000| Complete 
| 154|0x0000000089a00000, 0x0000000089b00000, 0x0000000089b00000|100%| S|CS|TAMS 0x0000000089a00000, 0x0000000089a00000| Complete 
| 155|0x0000000089b00000, 0x0000000089c00000, 0x0000000089c00000|100%| S|CS|TAMS 0x0000000089b00000, 0x0000000089b00000| Complete 
| 156|0x0000000089c00000, 0x0000000089c00000, 0x0000000089d00000|  0%| F|  |TAMS 0x0000000089c00000, 0x0000000089c00000| Untracked 
| 157|0x0000000089d00000, 0x0000000089d00000, 0x0000000089e00000|  0%| F|  |TAMS 0x0000000089d00000, 0x0000000089d00000| Untracked 
| 158|0x0000000089e00000, 0x0000000089e00000, 0x0000000089f00000|  0%| F|  |TAMS 0x0000000089e00000, 0x0000000089e00000| Untracked 
| 159|0x0000000089f00000, 0x0000000089f00000, 0x000000008a000000|  0%| F|  |TAMS 0x0000000089f00000, 0x0000000089f00000| Untracked 
| 160|0x000000008a000000, 0x000000008a000000, 0x000000008a100000|  0%| F|  |TAMS 0x000000008a000000, 0x000000008a000000| Untracked 
| 161|0x000000008a100000, 0x000000008a100000, 0x000000008a200000|  0%| F|  |TAMS 0x000000008a100000, 0x000000008a100000| Untracked 
| 162|0x000000008a200000, 0x000000008a200000, 0x000000008a300000|  0%| F|  |TAMS 0x000000008a200000, 0x000000008a200000| Untracked 
| 163|0x000000008a300000, 0x000000008a300000, 0x000000008a400000|  0%| F|  |TAMS 0x000000008a300000, 0x000000008a300000| Untracked 
| 164|0x000000008a400000, 0x000000008a400000, 0x000000008a500000|  0%| F|  |TAMS 0x000000008a400000, 0x000000008a400000| Untracked 
| 165|0x000000008a500000, 0x000000008a500000, 0x000000008a600000|  0%| F|  |TAMS 0x000000008a500000, 0x000000008a500000| Untracked 
| 166|0x000000008a600000, 0x000000008a600000, 0x000000008a700000|  0%| F|  |TAMS 0x000000008a600000, 0x000000008a600000| Untracked 
| 167|0x000000008a700000, 0x000000008a700000, 0x000000008a800000|  0%| F|  |TAMS 0x000000008a700000, 0x000000008a700000| Untracked 
| 168|0x000000008a800000, 0x000000008a800000, 0x000000008a900000|  0%| F|  |TAMS 0x000000008a800000, 0x000000008a800000| Untracked 
| 169|0x000000008a900000, 0x000000008a900000, 0x000000008aa00000|  0%| F|  |TAMS 0x000000008a900000, 0x000000008a900000| Untracked 
| 170|0x000000008aa00000, 0x000000008aa00000, 0x000000008ab00000|  0%| F|  |TAMS 0x000000008aa00000, 0x000000008aa00000| Untracked 
| 171|0x000000008ab00000, 0x000000008ab00000, 0x000000008ac00000|  0%| F|  |TAMS 0x000000008ab00000, 0x000000008ab00000| Untracked 
| 172|0x000000008ac00000, 0x000000008ac00000, 0x000000008ad00000|  0%| F|  |TAMS 0x000000008ac00000, 0x000000008ac00000| Untracked 
| 173|0x000000008ad00000, 0x000000008ad00000, 0x000000008ae00000|  0%| F|  |TAMS 0x000000008ad00000, 0x000000008ad00000| Untracked 
| 174|0x000000008ae00000, 0x000000008ae00000, 0x000000008af00000|  0%| F|  |TAMS 0x000000008ae00000, 0x000000008ae00000| Untracked 
| 175|0x000000008af00000, 0x000000008af00000, 0x000000008b000000|  0%| F|  |TAMS 0x000000008af00000, 0x000000008af00000| Untracked 
| 176|0x000000008b000000, 0x000000008b000000, 0x000000008b100000|  0%| F|  |TAMS 0x000000008b000000, 0x000000008b000000| Untracked 
| 177|0x000000008b100000, 0x000000008b100000, 0x000000008b200000|  0%| F|  |TAMS 0x000000008b100000, 0x000000008b100000| Untracked 
| 178|0x000000008b200000, 0x000000008b200000, 0x000000008b300000|  0%| F|  |TAMS 0x000000008b200000, 0x000000008b200000| Untracked 
| 179|0x000000008b300000, 0x000000008b300000, 0x000000008b400000|  0%| F|  |TAMS 0x000000008b300000, 0x000000008b300000| Untracked 
| 180|0x000000008b400000, 0x000000008b400000, 0x000000008b500000|  0%| F|  |TAMS 0x000000008b400000, 0x000000008b400000| Untracked 
| 181|0x000000008b500000, 0x000000008b500000, 0x000000008b600000|  0%| F|  |TAMS 0x000000008b500000, 0x000000008b500000| Untracked 
| 182|0x000000008b600000, 0x000000008b600000, 0x000000008b700000|  0%| F|  |TAMS 0x000000008b600000, 0x000000008b600000| Untracked 
| 183|0x000000008b700000, 0x000000008b700000, 0x000000008b800000|  0%| F|  |TAMS 0x000000008b700000, 0x000000008b700000| Untracked 
| 184|0x000000008b800000, 0x000000008b800000, 0x000000008b900000|  0%| F|  |TAMS 0x000000008b800000, 0x000000008b800000| Untracked 
| 185|0x000000008b900000, 0x000000008b900000, 0x000000008ba00000|  0%| F|  |TAMS 0x000000008b900000, 0x000000008b900000| Untracked 
| 186|0x000000008ba00000, 0x000000008ba00000, 0x000000008bb00000|  0%| F|  |TAMS 0x000000008ba00000, 0x000000008ba00000| Untracked 
| 187|0x000000008bb00000, 0x000000008bb00000, 0x000000008bc00000|  0%| F|  |TAMS 0x000000008bb00000, 0x000000008bb00000| Untracked 
| 188|0x000000008bc00000, 0x000000008bc00000, 0x000000008bd00000|  0%| F|  |TAMS 0x000000008bc00000, 0x000000008bc00000| Untracked 
| 189|0x000000008bd00000, 0x000000008bd00000, 0x000000008be00000|  0%| F|  |TAMS 0x000000008bd00000, 0x000000008bd00000| Untracked 
| 190|0x000000008be00000, 0x000000008be00000, 0x000000008bf00000|  0%| F|  |TAMS 0x000000008be00000, 0x000000008be00000| Untracked 
| 191|0x000000008bf00000, 0x000000008bf00000, 0x000000008c000000|  0%| F|  |TAMS 0x000000008bf00000, 0x000000008bf00000| Untracked 
| 192|0x000000008c000000, 0x000000008c000000, 0x000000008c100000|  0%| F|  |TAMS 0x000000008c000000, 0x000000008c000000| Untracked 
| 193|0x000000008c100000, 0x000000008c100000, 0x000000008c200000|  0%| F|  |TAMS 0x000000008c100000, 0x000000008c100000| Untracked 
| 194|0x000000008c200000, 0x000000008c200000, 0x000000008c300000|  0%| F|  |TAMS 0x000000008c200000, 0x000000008c200000| Untracked 
| 195|0x000000008c300000, 0x000000008c300000, 0x000000008c400000|  0%| F|  |TAMS 0x000000008c300000, 0x000000008c300000| Untracked 
| 196|0x000000008c400000, 0x000000008c400000, 0x000000008c500000|  0%| F|  |TAMS 0x000000008c400000, 0x000000008c400000| Untracked 
| 197|0x000000008c500000, 0x000000008c500000, 0x000000008c600000|  0%| F|  |TAMS 0x000000008c500000, 0x000000008c500000| Untracked 
| 198|0x000000008c600000, 0x000000008c600000, 0x000000008c700000|  0%| F|  |TAMS 0x000000008c600000, 0x000000008c600000| Untracked 
| 199|0x000000008c700000, 0x000000008c700000, 0x000000008c800000|  0%| F|  |TAMS 0x000000008c700000, 0x000000008c700000| Untracked 
| 200|0x000000008c800000, 0x000000008c800000, 0x000000008c900000|  0%| F|  |TAMS 0x000000008c800000, 0x000000008c800000| Untracked 
| 201|0x000000008c900000, 0x000000008c900000, 0x000000008ca00000|  0%| F|  |TAMS 0x000000008c900000, 0x000000008c900000| Untracked 
| 202|0x000000008ca00000, 0x000000008ca00000, 0x000000008cb00000|  0%| F|  |TAMS 0x000000008ca00000, 0x000000008ca00000| Untracked 
| 203|0x000000008cb00000, 0x000000008cb00000, 0x000000008cc00000|  0%| F|  |TAMS 0x000000008cb00000, 0x000000008cb00000| Untracked 
| 204|0x000000008cc00000, 0x000000008cc00000, 0x000000008cd00000|  0%| F|  |TAMS 0x000000008cc00000, 0x000000008cc00000| Untracked 
| 205|0x000000008cd00000, 0x000000008cd00000, 0x000000008ce00000|  0%| F|  |TAMS 0x000000008cd00000, 0x000000008cd00000| Untracked 
| 206|0x000000008ce00000, 0x000000008ce00000, 0x000000008cf00000|  0%| F|  |TAMS 0x000000008ce00000, 0x000000008ce00000| Untracked 
| 207|0x000000008cf00000, 0x000000008cf00000, 0x000000008d000000|  0%| F|  |TAMS 0x000000008cf00000, 0x000000008cf00000| Untracked 
| 208|0x000000008d000000, 0x000000008d000000, 0x000000008d100000|  0%| F|  |TAMS 0x000000008d000000, 0x000000008d000000| Untracked 
| 209|0x000000008d100000, 0x000000008d100000, 0x000000008d200000|  0%| F|  |TAMS 0x000000008d100000, 0x000000008d100000| Untracked 
| 210|0x000000008d200000, 0x000000008d200000, 0x000000008d300000|  0%| F|  |TAMS 0x000000008d200000, 0x000000008d200000| Untracked 
| 211|0x000000008d300000, 0x000000008d300000, 0x000000008d400000|  0%| F|  |TAMS 0x000000008d300000, 0x000000008d300000| Untracked 
| 212|0x000000008d400000, 0x000000008d400000, 0x000000008d500000|  0%| F|  |TAMS 0x000000008d400000, 0x000000008d400000| Untracked 
| 213|0x000000008d500000, 0x000000008d500000, 0x000000008d600000|  0%| F|  |TAMS 0x000000008d500000, 0x000000008d500000| Untracked 
| 214|0x000000008d600000, 0x000000008d600000, 0x000000008d700000|  0%| F|  |TAMS 0x000000008d600000, 0x000000008d600000| Untracked 
| 215|0x000000008d700000, 0x000000008d700000, 0x000000008d800000|  0%| F|  |TAMS 0x000000008d700000, 0x000000008d700000| Untracked 
| 216|0x000000008d800000, 0x000000008d800000, 0x000000008d900000|  0%| F|  |TAMS 0x000000008d800000, 0x000000008d800000| Untracked 
| 217|0x000000008d900000, 0x000000008d900000, 0x000000008da00000|  0%| F|  |TAMS 0x000000008d900000, 0x000000008d900000| Untracked 
| 218|0x000000008da00000, 0x000000008da00000, 0x000000008db00000|  0%| F|  |TAMS 0x000000008da00000, 0x000000008da00000| Untracked 
| 219|0x000000008db00000, 0x000000008db00000, 0x000000008dc00000|  0%| F|  |TAMS 0x000000008db00000, 0x000000008db00000| Untracked 
| 220|0x000000008dc00000, 0x000000008dc00000, 0x000000008dd00000|  0%| F|  |TAMS 0x000000008dc00000, 0x000000008dc00000| Untracked 
| 221|0x000000008dd00000, 0x000000008dd00000, 0x000000008de00000|  0%| F|  |TAMS 0x000000008dd00000, 0x000000008dd00000| Untracked 
| 222|0x000000008de00000, 0x000000008de00000, 0x000000008df00000|  0%| F|  |TAMS 0x000000008de00000, 0x000000008de00000| Untracked 
| 223|0x000000008df00000, 0x000000008df00000, 0x000000008e000000|  0%| F|  |TAMS 0x000000008df00000, 0x000000008df00000| Untracked 
| 224|0x000000008e000000, 0x000000008e000000, 0x000000008e100000|  0%| F|  |TAMS 0x000000008e000000, 0x000000008e000000| Untracked 
| 225|0x000000008e100000, 0x000000008e100000, 0x000000008e200000|  0%| F|  |TAMS 0x000000008e100000, 0x000000008e100000| Untracked 
| 226|0x000000008e200000, 0x000000008e200000, 0x000000008e300000|  0%| F|  |TAMS 0x000000008e200000, 0x000000008e200000| Untracked 
| 227|0x000000008e300000, 0x000000008e300000, 0x000000008e400000|  0%| F|  |TAMS 0x000000008e300000, 0x000000008e300000| Untracked 
| 228|0x000000008e400000, 0x000000008e400000, 0x000000008e500000|  0%| F|  |TAMS 0x000000008e400000, 0x000000008e400000| Untracked 
| 229|0x000000008e500000, 0x000000008e500000, 0x000000008e600000|  0%| F|  |TAMS 0x000000008e500000, 0x000000008e500000| Untracked 
| 230|0x000000008e600000, 0x000000008e600000, 0x000000008e700000|  0%| F|  |TAMS 0x000000008e600000, 0x000000008e600000| Untracked 
| 231|0x000000008e700000, 0x000000008e700000, 0x000000008e800000|  0%| F|  |TAMS 0x000000008e700000, 0x000000008e700000| Untracked 
| 232|0x000000008e800000, 0x000000008e800000, 0x000000008e900000|  0%| F|  |TAMS 0x000000008e800000, 0x000000008e800000| Untracked 
| 233|0x000000008e900000, 0x000000008e900000, 0x000000008ea00000|  0%| F|  |TAMS 0x000000008e900000, 0x000000008e900000| Untracked 
| 234|0x000000008ea00000, 0x000000008ea00000, 0x000000008eb00000|  0%| F|  |TAMS 0x000000008ea00000, 0x000000008ea00000| Untracked 
| 235|0x000000008eb00000, 0x000000008eb00000, 0x000000008ec00000|  0%| F|  |TAMS 0x000000008eb00000, 0x000000008eb00000| Untracked 
| 236|0x000000008ec00000, 0x000000008ec00000, 0x000000008ed00000|  0%| F|  |TAMS 0x000000008ec00000, 0x000000008ec00000| Untracked 
| 237|0x000000008ed00000, 0x000000008ed00000, 0x000000008ee00000|  0%| F|  |TAMS 0x000000008ed00000, 0x000000008ed00000| Untracked 
| 238|0x000000008ee00000, 0x000000008ee00000, 0x000000008ef00000|  0%| F|  |TAMS 0x000000008ee00000, 0x000000008ee00000| Untracked 
| 239|0x000000008ef00000, 0x000000008ef00000, 0x000000008f000000|  0%| F|  |TAMS 0x000000008ef00000, 0x000000008ef00000| Untracked 
| 240|0x000000008f000000, 0x000000008f000000, 0x000000008f100000|  0%| F|  |TAMS 0x000000008f000000, 0x000000008f000000| Untracked 
| 241|0x000000008f100000, 0x000000008f100000, 0x000000008f200000|  0%| F|  |TAMS 0x000000008f100000, 0x000000008f100000| Untracked 
| 242|0x000000008f200000, 0x000000008f200000, 0x000000008f300000|  0%| F|  |TAMS 0x000000008f200000, 0x000000008f200000| Untracked 
| 243|0x000000008f300000, 0x000000008f300000, 0x000000008f400000|  0%| F|  |TAMS 0x000000008f300000, 0x000000008f300000| Untracked 
| 244|0x000000008f400000, 0x000000008f400000, 0x000000008f500000|  0%| F|  |TAMS 0x000000008f400000, 0x000000008f400000| Untracked 
| 245|0x000000008f500000, 0x000000008f500000, 0x000000008f600000|  0%| F|  |TAMS 0x000000008f500000, 0x000000008f500000| Untracked 
| 246|0x000000008f600000, 0x000000008f600000, 0x000000008f700000|  0%| F|  |TAMS 0x000000008f600000, 0x000000008f600000| Untracked 
| 247|0x000000008f700000, 0x000000008f700000, 0x000000008f800000|  0%| F|  |TAMS 0x000000008f700000, 0x000000008f700000| Untracked 
| 248|0x000000008f800000, 0x000000008f800000, 0x000000008f900000|  0%| F|  |TAMS 0x000000008f800000, 0x000000008f800000| Untracked 
| 249|0x000000008f900000, 0x000000008f900000, 0x000000008fa00000|  0%| F|  |TAMS 0x000000008f900000, 0x000000008f900000| Untracked 
| 250|0x000000008fa00000, 0x000000008fafd410, 0x000000008fb00000| 98%| E|  |TAMS 0x000000008fa00000, 0x000000008fa00000| Complete 
| 251|0x000000008fb00000, 0x000000008fc00000, 0x000000008fc00000|100%| E|  |TAMS 0x000000008fb00000, 0x000000008fb00000| Complete 
| 252|0x000000008fc00000, 0x000000008fd00000, 0x000000008fd00000|100%| E|CS|TAMS 0x000000008fc00000, 0x000000008fc00000| Complete 
| 253|0x000000008fd00000, 0x000000008fe00000, 0x000000008fe00000|100%| E|CS|TAMS 0x000000008fd00000, 0x000000008fd00000| Complete 

Card table byte_map: [0x000001edf2f00000,0x000001edf3300000] _byte_map_base: 0x000001edf2b00000

Marking Bits (Prev, Next): (CMBitMap*) 0x000001edee729af0, (CMBitMap*) 0x000001edee729ab8
 Prev Bits: [0x000001edf5700000, 0x000001edf7700000)
 Next Bits: [0x000001edf3700000, 0x000001edf5700000)

Polling page: 0x000001edf2070000

Metaspace:

Usage:
  Non-class:     73.10 MB capacity,    71.82 MB ( 98%) used,     1.06 MB (  1%) free+waste,   223.25 KB ( <1%) overhead. 
      Class:     11.29 MB capacity,    10.57 MB ( 94%) used,   641.66 KB (  6%) free+waste,   101.19 KB ( <1%) overhead. 
       Both:     84.40 MB capacity,    82.39 MB ( 98%) used,     1.69 MB (  2%) free+waste,   324.44 KB ( <1%) overhead. 

Virtual space:
  Non-class space:       74.00 MB reserved,      73.25 MB ( 99%) committed 
      Class space:        1.00 GB reserved,      11.32 MB (  1%) committed 
             Both:        1.07 GB reserved,      84.57 MB (  8%) committed 

Chunk freelists:
   Non-Class:  22.00 KB
       Class:  19.00 KB
        Both:  41.00 KB

MaxMetaspaceSize: 17179869184.00 GB
CompressedClassSpaceSize: 1.00 GB

CodeHeap 'non-profiled nmethods': size=120000Kb used=7057Kb max_used=7057Kb free=112943Kb
 bounds [0x000001ed87ad0000, 0x000001ed881c0000, 0x000001ed8f000000]
CodeHeap 'profiled nmethods': size=120000Kb used=22931Kb max_used=22931Kb free=97068Kb
 bounds [0x000001ed805a0000, 0x000001ed81c10000, 0x000001ed87ad0000]
CodeHeap 'non-nmethods': size=5760Kb used=2272Kb max_used=2332Kb free=3487Kb
 bounds [0x000001ed80000000, 0x000001ed80270000, 0x000001ed805a0000]
 total_blobs=11379 nmethods=10509 adapters=778
 compilation: enabled
              stopped_count=0, restarted_count=0
 full_count=0

Compilation events (20 events):
Event: 18.033 Thread 0x000001ed93f66000 nmethod 10715 0x000001ed881a9890 code [0x000001ed881a9a60, 0x000001ed881a9ed8]
Event: 18.033 Thread 0x000001ed93f66000 10737       4       org.apache.xerces.dom.ElementImpl::getAttributes (36 bytes)
Event: 18.036 Thread 0x000001edfaabb800 10751       3       com.android.utils.XmlUtils::toXmlAttributeValue (89 bytes)
Event: 18.037 Thread 0x000001edfaabb800 nmethod 10751 0x000001ed81bf2890 code [0x000001ed81bf2b80, 0x000001ed81bf3c18]
Event: 18.037 Thread 0x000001edfaabb800 10752       2       com.android.utils.XmlUtils::append (647 bytes)
Event: 18.038 Thread 0x000001ed93f66000 nmethod 10737 0x000001ed881aa290 code [0x000001ed881aa460, 0x000001ed881aa838]
Event: 18.038 Thread 0x000001ed93f66000 10745       4       com.android.ide.common.resources.NodeUtils::duplicateNode (315 bytes)
Event: 18.039 Thread 0x000001edfaabb800 nmethod 10752 0x000001ed81bf4310 code [0x000001ed81bf48e0, 0x000001ed81bf60c8]
Event: 18.046 Thread 0x000001edfaabb800 10755 %     3       com.android.utils.XmlUtils::append @ 378 (647 bytes)
Event: 18.050 Thread 0x000001edfaabb800 nmethod 10755% 0x000001ed81bf7110 code [0x000001ed81bf7940, 0x000001ed81bfbd88]
Event: 18.057 Thread 0x000001edfaaac000 nmethod 10714 0x000001ed881aaa90 code [0x000001ed881aaea0, 0x000001ed881adb90]
Event: 18.057 Thread 0x000001edfaaac000 10754       4       com.android.utils.XmlUtils::toXmlAttributeValue (89 bytes)
Event: 18.062 Thread 0x000001edfaabb800 10757       3       com.android.utils.XmlUtils::append (647 bytes)
Event: 18.066 Thread 0x000001edfaabb800 nmethod 10757 0x000001ed81bfd590 code [0x000001ed81bfdda0, 0x000001ed81c01dc8]
Event: 18.067 Thread 0x000001edfaaac000 nmethod 10754 0x000001ed881af790 code [0x000001ed881af960, 0x000001ed881affd8]
Event: 18.067 Thread 0x000001edfaaac000 10756       4       java.lang.StringUTF16::lastIndexOf (47 bytes)
Event: 18.069 Thread 0x000001edfaaac000 nmethod 10756 0x000001ed881b0310 code [0x000001ed881b04a0, 0x000001ed881b05d8]
Event: 18.069 Thread 0x000001edfaaac000 10753       4       org.apache.xerces.dom.ElementImpl::getTagName (16 bytes)
Event: 18.071 Thread 0x000001edfaaac000 nmethod 10753 0x000001ed881b0710 code [0x000001ed881b08c0, 0x000001ed881b0a38]
Event: 18.071 Thread 0x000001edfaaac000 10734       4       com.android.ide.common.resources.NodeUtils::processSingleNodeNamespace (107 bytes)

GC Heap History (20 events):
Event: 3.265 GC heap before
{Heap before GC invocations=3 (full 0):
 garbage-first heap   total 260096K, used 75490K [0x0000000080000000, 0x0000000100000000)
  region size 1024K, 69 young (70656K), 11 survivors (11264K)
 Metaspace       used 27160K, capacity 27806K, committed 27904K, reserved 1073152K
  class space    used 3579K, capacity 3821K, committed 3840K, reserved 1048576K
}
Event: 3.272 GC heap after
{Heap after GC invocations=4 (full 0):
 garbage-first heap   total 260096K, used 18274K [0x0000000080000000, 0x0000000100000000)
  region size 1024K, 3 young (3072K), 3 survivors (3072K)
 Metaspace       used 27160K, capacity 27806K, committed 27904K, reserved 1073152K
  class space    used 3579K, capacity 3821K, committed 3840K, reserved 1048576K
}
Event: 4.022 GC heap before
{Heap before GC invocations=4 (full 0):
 garbage-first heap   total 260096K, used 57186K [0x0000000080000000, 0x0000000100000000)
  region size 1024K, 42 young (43008K), 3 survivors (3072K)
 Metaspace       used 35113K, capacity 35772K, committed 35840K, reserved 1081344K
  class space    used 4569K, capacity 4857K, committed 4864K, reserved 1048576K
}
Event: 4.029 GC heap after
{Heap after GC invocations=5 (full 0):
 garbage-first heap   total 260096K, used 21097K [0x0000000080000000, 0x0000000100000000)
  region size 1024K, 6 young (6144K), 6 survivors (6144K)
 Metaspace       used 35113K, capacity 35772K, committed 35840K, reserved 1081344K
  class space    used 4569K, capacity 4857K, committed 4864K, reserved 1048576K
}
Event: 5.761 GC heap before
{Heap before GC invocations=6 (full 0):
 garbage-first heap   total 260096K, used 130665K [0x0000000080000000, 0x0000000100000000)
  region size 1024K, 110 young (112640K), 6 survivors (6144K)
 Metaspace       used 44310K, capacity 45324K, committed 45568K, reserved 1089536K
  class space    used 5676K, capacity 6056K, committed 6144K, reserved 1048576K
}
Event: 5.769 GC heap after
{Heap after GC invocations=7 (full 0):
 garbage-first heap   total 260096K, used 26850K [0x0000000080000000, 0x0000000100000000)
  region size 1024K, 11 young (11264K), 11 survivors (11264K)
 Metaspace       used 44310K, capacity 45324K, committed 45568K, reserved 1089536K
  class space    used 5676K, capacity 6056K, committed 6144K, reserved 1048576K
}
Event: 7.896 GC heap before
{Heap before GC invocations=7 (full 0):
 garbage-first heap   total 260096K, used 169186K [0x0000000080000000, 0x0000000100000000)
  region size 1024K, 145 young (148480K), 11 survivors (11264K)
 Metaspace       used 56917K, capacity 58311K, committed 58496K, reserved 1099776K
  class space    used 7238K, capacity 7714K, committed 7808K, reserved 1048576K
}
Event: 7.913 GC heap after
{Heap after GC invocations=8 (full 0):
 garbage-first heap   total 260096K, used 45327K [0x0000000080000000, 0x0000000100000000)
  region size 1024K, 19 young (19456K), 19 survivors (19456K)
 Metaspace       used 56917K, capacity 58311K, committed 58496K, reserved 1099776K
  class space    used 7238K, capacity 7714K, committed 7808K, reserved 1048576K
}
Event: 8.317 GC heap before
{Heap before GC invocations=8 (full 0):
 garbage-first heap   total 260096K, used 63759K [0x0000000080000000, 0x0000000100000000)
  region size 1024K, 37 young (37888K), 19 survivors (19456K)
 Metaspace       used 58686K, capacity 60113K, committed 60160K, reserved 1101824K
  class space    used 7424K, capacity 7923K, committed 7936K, reserved 1048576K
}
Event: 8.335 GC heap after
{Heap after GC invocations=9 (full 0):
 garbage-first heap   total 260096K, used 47883K [0x0000000080000000, 0x0000000100000000)
  region size 1024K, 3 young (3072K), 3 survivors (3072K)
 Metaspace       used 58686K, capacity 60113K, committed 60160K, reserved 1101824K
  class space    used 7424K, capacity 7923K, committed 7936K, reserved 1048576K
}
Event: 10.475 GC heap before
{Heap before GC invocations=10 (full 0):
 garbage-first heap   total 260096K, used 140043K [0x0000000080000000, 0x0000000100000000)
  region size 1024K, 93 young (95232K), 3 survivors (3072K)
 Metaspace       used 66662K, capacity 68120K, committed 68300K, reserved 1107968K
  class space    used 8628K, capacity 9136K, committed 9164K, reserved 1048576K
}
Event: 10.481 GC heap after
{Heap after GC invocations=11 (full 0):
 garbage-first heap   total 260096K, used 52821K [0x0000000080000000, 0x0000000100000000)
  region size 1024K, 8 young (8192K), 8 survivors (8192K)
 Metaspace       used 66662K, capacity 68120K, committed 68300K, reserved 1107968K
  class space    used 8628K, capacity 9136K, committed 9164K, reserved 1048576K
}
Event: 12.235 GC heap before
{Heap before GC invocations=11 (full 0):
 garbage-first heap   total 260096K, used 150101K [0x0000000080000000, 0x0000000100000000)
  region size 1024K, 104 young (106496K), 8 survivors (8192K)
 Metaspace       used 76762K, capacity 78354K, committed 78412K, reserved 1118208K
  class space    used 9958K, capacity 10550K, committed 10572K, reserved 1048576K
}
Event: 12.247 GC heap after
{Heap after GC invocations=12 (full 0):
 garbage-first heap   total 260096K, used 59117K [0x0000000080000000, 0x0000000100000000)
  region size 1024K, 13 young (13312K), 13 survivors (13312K)
 Metaspace       used 76762K, capacity 78354K, committed 78412K, reserved 1118208K
  class space    used 9958K, capacity 10550K, committed 10572K, reserved 1048576K
}
Event: 13.768 GC heap before
{Heap before GC invocations=12 (full 0):
 garbage-first heap   total 260096K, used 159469K [0x0000000080000000, 0x0000000100000000)
  region size 1024K, 112 young (114688K), 13 survivors (13312K)
 Metaspace       used 79993K, capacity 81991K, committed 82124K, reserved 1120256K
  class space    used 10373K, capacity 11098K, committed 11212K, reserved 1048576K
}
Event: 13.779 GC heap after
{Heap after GC invocations=13 (full 0):
 garbage-first heap   total 260096K, used 64670K [0x0000000080000000, 0x0000000100000000)
  region size 1024K, 12 young (12288K), 12 survivors (12288K)
 Metaspace       used 79993K, capacity 81991K, committed 82124K, reserved 1120256K
  class space    used 10373K, capacity 11098K, committed 11212K, reserved 1048576K
}
Event: 15.779 GC heap before
{Heap before GC invocations=13 (full 0):
 garbage-first heap   total 260096K, used 173214K [0x0000000080000000, 0x0000000100000000)
  region size 1024K, 116 young (118784K), 12 survivors (12288K)
 Metaspace       used 81374K, capacity 83374K, committed 83532K, reserved 1122304K
  class space    used 10478K, capacity 11209K, committed 11340K, reserved 1048576K
}
Event: 15.795 GC heap after
{Heap after GC invocations=14 (full 0):
 garbage-first heap   total 260096K, used 79353K [0x0000000080000000, 0x0000000100000000)
  region size 1024K, 15 young (15360K), 15 survivors (15360K)
 Metaspace       used 81374K, capacity 83374K, committed 83532K, reserved 1122304K
  class space    used 10478K, capacity 11209K, committed 11340K, reserved 1048576K
}
Event: 17.998 GC heap before
{Heap before GC invocations=14 (full 0):
 garbage-first heap   total 260096K, used 184825K [0x0000000080000000, 0x0000000100000000)
  region size 1024K, 113 young (115712K), 15 survivors (15360K)
 Metaspace       used 84364K, capacity 86423K, committed 86604K, reserved 1124352K
  class space    used 10822K, capacity 11565K, committed 11596K, reserved 1048576K
}
Event: 18.016 GC heap after
{Heap after GC invocations=15 (full 0):
 garbage-first heap   total 260096K, used 90451K [0x0000000080000000, 0x0000000100000000)
  region size 1024K, 11 young (11264K), 11 survivors (11264K)
 Metaspace       used 84364K, capacity 86423K, committed 86604K, reserved 1124352K
  class space    used 10822K, capacity 11565K, committed 11596K, reserved 1048576K
}

Deoptimization events (20 events):
Event: 17.972 Thread 0x000001ed8f564800 Uncommon trap: trap_request=0xffffffc6 fr.pc=0x000001ed88159690 relative=0x00000000000006f0
Event: 17.972 Thread 0x000001ed8f564800 Uncommon trap: reason=bimorphic_or_optimized_type_check action=maybe_recompile pc=0x000001ed88159690 method=org.apache.xerces.dom.ParentNode.checkNormalizationAfterInsert(Lorg/apache/xerces/dom/ChildNode;)V @ 23 c2
Event: 17.972 Thread 0x000001ed8f564800 DEOPT PACKING pc=0x000001ed88159690 sp=0x000000793f5fad40
Event: 17.972 Thread 0x000001ed8f564800 DEOPT UNPACKING pc=0x000001ed800274af sp=0x000000793f5fac70 mode 2
Event: 17.972 Thread 0x000001ed8f564800 Uncommon trap: trap_request=0xffffffc6 fr.pc=0x000001ed88159690 relative=0x00000000000006f0
Event: 17.972 Thread 0x000001ed8f564800 Uncommon trap: reason=bimorphic_or_optimized_type_check action=maybe_recompile pc=0x000001ed88159690 method=org.apache.xerces.dom.ParentNode.checkNormalizationAfterInsert(Lorg/apache/xerces/dom/ChildNode;)V @ 23 c2
Event: 17.972 Thread 0x000001ed8f564800 DEOPT PACKING pc=0x000001ed88159690 sp=0x000000793f5fad40
Event: 17.972 Thread 0x000001ed8f564800 DEOPT UNPACKING pc=0x000001ed800274af sp=0x000000793f5fac70 mode 2
Event: 17.972 Thread 0x000001ed8f564800 Uncommon trap: trap_request=0xffffffc6 fr.pc=0x000001ed88159690 relative=0x00000000000006f0
Event: 17.972 Thread 0x000001ed8f564800 Uncommon trap: reason=bimorphic_or_optimized_type_check action=maybe_recompile pc=0x000001ed88159690 method=org.apache.xerces.dom.ParentNode.checkNormalizationAfterInsert(Lorg/apache/xerces/dom/ChildNode;)V @ 23 c2
Event: 17.972 Thread 0x000001ed8f564800 DEOPT PACKING pc=0x000001ed88159690 sp=0x000000793f5fad40
Event: 17.972 Thread 0x000001ed8f564800 DEOPT UNPACKING pc=0x000001ed800274af sp=0x000000793f5fac70 mode 2
Event: 18.036 Thread 0x000001ed8f564800 Uncommon trap: trap_request=0xffffff4d fr.pc=0x000001ed8816f690 relative=0x0000000000003f70
Event: 18.036 Thread 0x000001ed8f564800 Uncommon trap: reason=unstable_if action=reinterpret pc=0x000001ed8816f690 method=com.android.utils.XmlUtils.toXmlAttributeValue(Ljava/lang/String;)Ljava/lang/String; @ 33 c2
Event: 18.036 Thread 0x000001ed8f564800 DEOPT PACKING pc=0x000001ed8816f690 sp=0x000000793f5fad90
Event: 18.036 Thread 0x000001ed8f564800 DEOPT UNPACKING pc=0x000001ed800274af sp=0x000000793f5facb8 mode 2
Event: 18.036 Thread 0x000001ed8f564800 Uncommon trap: trap_request=0xffffff4d fr.pc=0x000001ed88161e68 relative=0x00000000000003a8
Event: 18.036 Thread 0x000001ed8f564800 Uncommon trap: reason=unstable_if action=reinterpret pc=0x000001ed88161e68 method=com.android.utils.XmlUtils.toXmlAttributeValue(Ljava/lang/String;)Ljava/lang/String; @ 33 c2
Event: 18.036 Thread 0x000001ed8f564800 DEOPT PACKING pc=0x000001ed88161e68 sp=0x000000793f5fad20
Event: 18.036 Thread 0x000001ed8f564800 DEOPT UNPACKING pc=0x000001ed800274af sp=0x000000793f5faca8 mode 2

Classes redefined (0 events):
No events

Internal exceptions (20 events):
Event: 13.268 Thread 0x000001edfd5a5800 Implicit null exception at 0x000001ed87fe6175 to 0x000001ed87fe6988
Event: 13.268 Thread 0x000001ed8f560800 Implicit null exception at 0x000001ed87fe6175 to 0x000001ed87fe6988
Event: 13.422 Thread 0x000001edfcba3000 Exception <a 'java/lang/NoSuchMethodError'{0x000000008b282ef0}: <clinit>> (0x000000008b282ef0) thrown at [./src/hotspot/share/prims/jni.cpp, line 1362]
Event: 14.994 Thread 0x000001ed8f564800 Implicit null exception at 0x000001ed880aecf4 to 0x000001ed880aef4c
Event: 16.753 Thread 0x000001ed8f564800 Exception <a 'java/lang/NoSuchMethodError'{0x000000008cc04968}: <clinit>> (0x000000008cc04968) thrown at [./src/hotspot/share/prims/jni.cpp, line 1362]
Event: 16.754 Thread 0x000001ed8f564800 Exception <a 'java/lang/NoSuchMethodError'{0x000000008cc13198}: <clinit>> (0x000000008cc13198) thrown at [./src/hotspot/share/prims/jni.cpp, line 1362]
Event: 16.760 Thread 0x000001ed8f564800 Exception <a 'java/lang/NoSuchMethodError'{0x000000008cc78ff0}: <clinit>> (0x000000008cc78ff0) thrown at [./src/hotspot/share/prims/jni.cpp, line 1362]
Event: 16.760 Thread 0x000001ed8f564800 Exception <a 'java/lang/NoSuchMethodError'{0x000000008cc7b910}: <clinit>> (0x000000008cc7b910) thrown at [./src/hotspot/share/prims/jni.cpp, line 1362]
Event: 16.760 Thread 0x000001ed8f564800 Exception <a 'java/lang/NoSuchMethodError'{0x000000008cc7ff90}: <clinit>> (0x000000008cc7ff90) thrown at [./src/hotspot/share/prims/jni.cpp, line 1362]
Event: 16.760 Thread 0x000001ed8f564800 Exception <a 'java/lang/NoSuchMethodError'{0x000000008cc8b248}: <clinit>> (0x000000008cc8b248) thrown at [./src/hotspot/share/prims/jni.cpp, line 1362]
Event: 16.764 Thread 0x000001ed8f564800 Exception <a 'java/lang/NoSuchMethodError'{0x000000008ccdd610}: <clinit>> (0x000000008ccdd610) thrown at [./src/hotspot/share/prims/jni.cpp, line 1362]
Event: 16.766 Thread 0x000001ed8f564800 Exception <a 'java/lang/NoSuchMethodError'{0x000000008cb0f430}: <clinit>> (0x000000008cb0f430) thrown at [./src/hotspot/share/prims/jni.cpp, line 1362]
Event: 16.766 Thread 0x000001ed8f564800 Exception <a 'java/lang/NoSuchMethodError'{0x000000008cb12898}: <clinit>> (0x000000008cb12898) thrown at [./src/hotspot/share/prims/jni.cpp, line 1362]
Event: 16.766 Thread 0x000001ed8f564800 Exception <a 'java/lang/NoSuchMethodError'{0x000000008cb15508}: <clinit>> (0x000000008cb15508) thrown at [./src/hotspot/share/prims/jni.cpp, line 1362]
Event: 16.767 Thread 0x000001ed8f564800 Exception <a 'java/lang/NoSuchMethodError'{0x000000008cb2d850}: <clinit>> (0x000000008cb2d850) thrown at [./src/hotspot/share/prims/jni.cpp, line 1362]
Event: 16.768 Thread 0x000001ed8f564800 Exception <a 'java/lang/NoSuchMethodError'{0x000000008cb44b58}: <clinit>> (0x000000008cb44b58) thrown at [./src/hotspot/share/prims/jni.cpp, line 1362]
Event: 16.768 Thread 0x000001ed8f564800 Exception <a 'java/lang/NoSuchMethodError'{0x000000008cb595c0}: <clinit>> (0x000000008cb595c0) thrown at [./src/hotspot/share/prims/jni.cpp, line 1362]
Event: 16.770 Thread 0x000001ed8f564800 Exception <a 'java/lang/NoSuchMethodError'{0x000000008cb79140}: <clinit>> (0x000000008cb79140) thrown at [./src/hotspot/share/prims/jni.cpp, line 1362]
Event: 16.771 Thread 0x000001ed8f564800 Exception <a 'java/lang/NoSuchMethodError'{0x000000008cb9af20}: <clinit>> (0x000000008cb9af20) thrown at [./src/hotspot/share/prims/jni.cpp, line 1362]
Event: 16.772 Thread 0x000001ed8f564800 Exception <a 'java/lang/NoSuchMethodError'{0x000000008cbada68}: <clinit>> (0x000000008cbada68) thrown at [./src/hotspot/share/prims/jni.cpp, line 1362]

Events (20 events):
Event: 17.944 loading class com/sun/xml/bind/v2/runtime/output/SAXOutput
Event: 17.944 loading class com/sun/xml/bind/v2/runtime/output/SAXOutput done
Event: 17.944 loading class com/sun/xml/bind/util/AttributesImpl
Event: 17.944 loading class com/sun/xml/bind/util/AttributesImpl done
Event: 17.945 loading class com/sun/xml/bind/v2/runtime/reflect/Lister$CollectionLister$1
Event: 17.945 loading class com/sun/xml/bind/v2/runtime/reflect/Lister$CollectionLister$1 done
Event: 17.948 loading class com/sun/xml/bind/v2/runtime/reflect/Lister$IDREFSIterator
Event: 17.948 loading class com/sun/xml/bind/v2/runtime/reflect/Lister$IDREFSIterator done
Event: 17.950 loading class org/apache/commons/io/Charsets
Event: 17.950 loading class org/apache/commons/io/Charsets done
Event: 17.966 loading class com/android/ide/common/resources/ResourceMerger
Event: 17.966 loading class com/android/ide/common/resources/ResourceMerger done
Event: 17.966 loading class com/android/build/gradle/tasks/MergeResources
Event: 17.966 loading class com/android/build/gradle/tasks/MergeResources done
Event: 17.967 loading class com/android/ide/common/resources/DataSet$1
Event: 17.967 loading class com/android/ide/common/resources/DataSet$1 done
Event: 17.969 loading class com/android/ide/common/resources/FileStatus
Event: 17.969 loading class com/android/ide/common/resources/FileStatus done
Event: 17.998 Executing VM operation: G1CollectForAllocation
Event: 18.016 Executing VM operation: G1CollectForAllocation done


Dynamic libraries:
0x00007ff616cd0000 - 0x00007ff616cda000 	C:\Program Files\Android\Android Studio\jre\bin\java.exe
0x00007ffbe0530000 - 0x00007ffbe0725000 	C:\Windows\SYSTEM32\ntdll.dll
0x00007ffbdee00000 - 0x00007ffbdeebd000 	C:\Windows\System32\KERNEL32.DLL
0x00007ffbde0f0000 - 0x00007ffbde3b8000 	C:\Windows\System32\KERNELBASE.dll
0x00007ffbddff0000 - 0x00007ffbde0f0000 	C:\Windows\System32\ucrtbase.dll
0x00007ffbda780000 - 0x00007ffbda797000 	C:\Program Files\Android\Android Studio\jre\bin\VCRUNTIME140.dll
0x00007ffbd8330000 - 0x00007ffbd8349000 	C:\Program Files\Android\Android Studio\jre\bin\jli.dll
0x00007ffbdf5d0000 - 0x00007ffbdf770000 	C:\Windows\System32\USER32.dll
0x00007ffbde510000 - 0x00007ffbde532000 	C:\Windows\System32\win32u.dll
0x00007ffbc8ba0000 - 0x00007ffbc8e3a000 	C:\Windows\WinSxS\amd64_microsoft.windows.common-controls_6595b64144ccf1df_6.0.19041.844_none_ca00b6081b84eb1d\COMCTL32.dll
0x00007ffbe04c0000 - 0x00007ffbe04ea000 	C:\Windows\System32\GDI32.dll
0x00007ffbe0190000 - 0x00007ffbe022e000 	C:\Windows\System32\msvcrt.dll
0x00007ffbddee0000 - 0x00007ffbddfeb000 	C:\Windows\System32\gdi32full.dll
0x00007ffbde470000 - 0x00007ffbde50d000 	C:\Windows\System32\msvcp_win.dll
0x00007ffbdedd0000 - 0x00007ffbdee00000 	C:\Windows\System32\IMM32.DLL
0x00007ffbd6a20000 - 0x00007ffbd6abd000 	C:\Program Files\Android\Android Studio\jre\bin\msvcp140.dll
0x00007ffb5ed30000 - 0x00007ffb5f7ec000 	C:\Program Files\Android\Android Studio\jre\bin\server\jvm.dll
0x00007ffbdef90000 - 0x00007ffbdf03c000 	C:\Windows\System32\ADVAPI32.dll
0x00007ffbe0230000 - 0x00007ffbe02cb000 	C:\Windows\System32\sechost.dll
0x00007ffbdf770000 - 0x00007ffbdf89b000 	C:\Windows\System32\RPCRT4.dll
0x00007ffbde590000 - 0x00007ffbde598000 	C:\Windows\System32\PSAPI.DLL
0x00007ffbc9cb0000 - 0x00007ffbc9cd7000 	C:\Windows\SYSTEM32\WINMM.dll
0x00007ffbb6d10000 - 0x00007ffbb6d19000 	C:\Windows\SYSTEM32\WSOCK32.dll
0x00007ffbd66e0000 - 0x00007ffbd66ea000 	C:\Windows\SYSTEM32\VERSION.dll
0x00007ffbdef20000 - 0x00007ffbdef8b000 	C:\Windows\System32\ws2_32.DLL
0x00007ffbdbbc0000 - 0x00007ffbdbbd2000 	C:\Windows\SYSTEM32\kernel.appcore.dll
0x00007ffbb5ca0000 - 0x00007ffbb5cb1000 	C:\Program Files\Android\Android Studio\jre\bin\verify.dll
0x00007ffbc4480000 - 0x00007ffbc4664000 	C:\Windows\SYSTEM32\DBGHELP.DLL
0x00007ffbc3d90000 - 0x00007ffbc3dbc000 	C:\Windows\SYSTEM32\dbgcore.DLL
0x00007ffbddc70000 - 0x00007ffbddcf0000 	C:\Windows\System32\bcryptPrimitives.dll
0x00007ffbb5870000 - 0x00007ffbb5899000 	C:\Program Files\Android\Android Studio\jre\bin\java.dll
0x00007ffbb5b70000 - 0x00007ffbb5b7b000 	C:\Program Files\Android\Android Studio\jre\bin\jimage.dll
0x00007ffbb4ca0000 - 0x00007ffbb4cb8000 	C:\Program Files\Android\Android Studio\jre\bin\zip.dll
0x00007ffbdfa30000 - 0x00007ffbe0172000 	C:\Windows\System32\SHELL32.dll
0x00007ffbdbdc0000 - 0x00007ffbdc550000 	C:\Windows\SYSTEM32\windows.storage.dll
0x00007ffbdf0f0000 - 0x00007ffbdf445000 	C:\Windows\System32\combase.dll
0x00007ffbdd6e0000 - 0x00007ffbdd70c000 	C:\Windows\SYSTEM32\Wldp.dll
0x00007ffbdf8a0000 - 0x00007ffbdf94e000 	C:\Windows\System32\SHCORE.dll
0x00007ffbdeec0000 - 0x00007ffbdef15000 	C:\Windows\System32\shlwapi.dll
0x00007ffbddbb0000 - 0x00007ffbddbcf000 	C:\Windows\SYSTEM32\profapi.dll
0x00007ffbb4c80000 - 0x00007ffbb4c9a000 	C:\Program Files\Android\Android Studio\jre\bin\net.dll
0x00007ffbcd210000 - 0x00007ffbcd31b000 	C:\Windows\SYSTEM32\WINHTTP.dll
0x00007ffbdd450000 - 0x00007ffbdd4ba000 	C:\Windows\system32\mswsock.dll
0x00007ffbaa0d0000 - 0x00007ffbaa0e4000 	C:\Program Files\Android\Android Studio\jre\bin\nio.dll
0x00007ffbc5ee0000 - 0x00007ffbc5f07000 	C:\Users\dimas\.gradle\native\fdc75f09e3144964f2cf3f50f0aa648679c211496f362492102eb8c894070792\windows-amd64\native-platform.dll
0x00007ffbb4550000 - 0x00007ffbb46e6000 	C:\Users\dimas\.gradle\native\12488b8bf47d2d4c9fbf2f6322a914ad602e24e48041cd04a747c6da556b65c4\windows-amd64\native-platform-file-events.dll
0x00007ffbb5b60000 - 0x00007ffbb5b6a000 	C:\Program Files\Android\Android Studio\jre\bin\management.dll
0x00007ffbb5a00000 - 0x00007ffbb5a0c000 	C:\Program Files\Android\Android Studio\jre\bin\management_ext.dll
0x00007ffbdd620000 - 0x00007ffbdd638000 	C:\Windows\SYSTEM32\CRYPTSP.dll
0x00007ffbdcd80000 - 0x00007ffbdcdb4000 	C:\Windows\system32\rsaenh.dll
0x00007ffbddeb0000 - 0x00007ffbdded7000 	C:\Windows\System32\bcrypt.dll
0x00007ffbddb30000 - 0x00007ffbddb5e000 	C:\Windows\SYSTEM32\USERENV.dll
0x00007ffbdd640000 - 0x00007ffbdd64c000 	C:\Windows\SYSTEM32\CRYPTBASE.dll
0x00007ffbdd0f0000 - 0x00007ffbdd12b000 	C:\Windows\SYSTEM32\IPHLPAPI.DLL
0x00007ffbde5a0000 - 0x00007ffbde5a8000 	C:\Windows\System32\NSI.dll
0x00007ffbd66c0000 - 0x00007ffbd66d7000 	C:\Windows\SYSTEM32\dhcpcsvc6.DLL
0x00007ffbd6980000 - 0x00007ffbd699d000 	C:\Windows\SYSTEM32\dhcpcsvc.DLL
0x00007ffbdd140000 - 0x00007ffbdd20c000 	C:\Windows\SYSTEM32\DNSAPI.dll
0x00007ffbd7110000 - 0x00007ffbd711b000 	C:\Windows\SYSTEM32\WINNSI.DLL

dbghelp: loaded successfully - version: 4.0.5 - missing functions: none
symbol engine: initialized successfully - sym options: 0x614 - pdb path: .;C:\Program Files\Android\Android Studio\jre\bin;C:\Windows\SYSTEM32;C:\Windows\WinSxS\amd64_microsoft.windows.common-controls_6595b64144ccf1df_6.0.19041.844_none_ca00b6081b84eb1d;C:\Program Files\Android\Android Studio\jre\bin\server;C:\Users\dimas\.gradle\native\fdc75f09e3144964f2cf3f50f0aa648679c211496f362492102eb8c894070792\windows-amd64;C:\Users\dimas\.gradle\native\12488b8bf47d2d4c9fbf2f6322a914ad602e24e48041cd04a747c6da556b65c4\windows-amd64

VM Arguments:
jvm_args: --add-opens=java.base/java.util=ALL-UNNAMED --add-opens=java.base/java.lang=ALL-UNNAMED --add-opens=java.base/java.lang.invoke=ALL-UNNAMED --add-opens=java.prefs/java.util.prefs=ALL-UNNAMED -Xmx2048m -Dfile.encoding=UTF-8 -Duser.country=ID -Duser.language=en -Duser.variant 
java_command: org.gradle.launcher.daemon.bootstrap.GradleDaemon 6.7.1
java_class_path (initial): C:\Users\dimas\.gradle\wrapper\dists\gradle-6.7.1-bin\bwlcbys1h7rz3272sye1xwiv6\gradle-6.7.1\lib\gradle-launcher-6.7.1.jar
Launcher Type: SUN_STANDARD

[Global flags]
     intx CICompilerCount                          = 4                                         {product} {ergonomic}
     uint ConcGCThreads                            = 2                                         {product} {ergonomic}
     uint G1ConcRefinementThreads                  = 8                                         {product} {ergonomic}
   size_t G1HeapRegionSize                         = 1048576                                   {product} {ergonomic}
    uintx GCDrainStackTargetSize                   = 64                                        {product} {ergonomic}
   size_t InitialHeapSize                          = 266338304                                 {product} {ergonomic}
   size_t MarkStackSize                            = 4194304                                   {product} {ergonomic}
   size_t MaxHeapSize                              = 2147483648                                {product} {command line}
   size_t MaxNewSize                               = 1287651328                                {product} {ergonomic}
   size_t MinHeapDeltaBytes                        = 1048576                                   {product} {ergonomic}
    uintx NonNMethodCodeHeapSize                   = 5836300                                {pd product} {ergonomic}
    uintx NonProfiledCodeHeapSize                  = 122910970                              {pd product} {ergonomic}
    uintx ProfiledCodeHeapSize                     = 122910970                              {pd product} {ergonomic}
    uintx ReservedCodeCacheSize                    = 251658240                              {pd product} {ergonomic}
     bool SegmentedCodeCache                       = true                                      {product} {ergonomic}
     bool UseCompressedClassPointers               = true                                 {lp64_product} {ergonomic}
     bool UseCompressedOops                        = true                                 {lp64_product} {ergonomic}
     bool UseG1GC                                  = true                                      {product} {ergonomic}
     bool UseLargePagesIndividualAllocation        = false                                  {pd product} {ergonomic}

Logging:
Log output configuration:
 #0: stdout all=warning uptime,level,tags
 #1: stderr all=off uptime,level,tags

Environment Variables:
PATH=C:\Windows\system32;C:\Windows;C:\Windows\System32\Wbem;C:\Windows\System32\WindowsPowerShell\v1.0\;C:\Windows\System32\OpenSSH\;C:\Program Files (x86)\NVIDIA Corporation\PhysX\Common;C:\Program Files\NVIDIA Corporation\NVIDIA NvDLISR;C:\Users\dimas\AppData\Local\Microsoft\WindowsApps;C:\Users\dimas\AppData\Local\GitHubDesktop\bin
USERNAME=dimas
OS=Windows_NT
PROCESSOR_IDENTIFIER=Intel64 Family 6 Model 165 Stepping 2, GenuineIntel



---------------  S Y S T E M  ---------------

OS: Windows 10 , 64 bit Build 19041 (10.0.19041.928)
OS uptime: 1 days 0:43 hours

CPU:total 8 (initial active 8) (4 cores per cpu, 2 threads per core) family 6 model 165 stepping 2, cmov, cx8, fxsr, mmx, sse, sse2, sse3, ssse3, sse4.1, sse4.2, popcnt, avx, avx2, aes, clmul, erms, 3dnowpref, lzcnt, ht, tsc, tscinvbit, bmi1, bmi2, adx, fma

Memory: 4k page, system-wide physical 16205M (373M free)
TotalPageFile size 42699M (AvailPageFile size 0M)
current process WorkingSet (physical memory assigned to process): 496M, peak: 496M
current process commit charge ("private bytes"): 543M, peak: 561M

vm_info: OpenJDK 64-Bit Server VM (11.0.8+10-b944.6842174) for windows-amd64 JRE (11.0.8+10-b944.6842174), built on Sep 19 2020 01:11:42 by "builder" with MS VC++ 14.0 (VS2015)

END.
